2024-02-29 18:46:34.632 [info] Log level: Info
2024-02-29 18:46:34.632 [info] Validating found git in: "git"
2024-02-29 18:46:34.632 [info] Using git "2.44.0" from "git"
2024-02-29 18:46:34.638 [info] > git rev-parse --show-toplevel [10ms]
2024-02-29 18:46:34.638 [info] fatal: not a git repository (or any parent up to mount point /)
Stopping at filesystem boundary (GIT_DISCOVERY_ACROSS_FILESYSTEM not set).
2024-02-29 18:46:34.641 [info] > git rev-parse --show-toplevel [1ms]
2024-02-29 18:46:34.641 [info] fatal: not a git repository (or any parent up to mount point /)
Stopping at filesystem boundary (GIT_DISCOVERY_ACROSS_FILESYSTEM not set).
2024-02-29 18:46:34.643 [info] > git rev-parse --show-toplevel [0ms]
2024-02-29 18:46:34.643 [info] fatal: not a git repository (or any parent up to mount point /)
Stopping at filesystem boundary (GIT_DISCOVERY_ACROSS_FILESYSTEM not set).
2024-02-29 18:46:34.648 [info] > git rev-parse --show-toplevel [2ms]
2024-02-29 18:46:34.648 [info] fatal: not a git repository (or any parent up to mount point /)
Stopping at filesystem boundary (GIT_DISCOVERY_ACROSS_FILESYSTEM not set).
2024-02-29 18:46:34.651 [info] > git rev-parse --show-toplevel [1ms]
2024-02-29 18:46:34.651 [info] fatal: not a git repository (or any parent up to mount point /)
Stopping at filesystem boundary (GIT_DISCOVERY_ACROSS_FILESYSTEM not set).
2024-02-29 18:46:34.653 [info] > git rev-parse --show-toplevel [1ms]
2024-02-29 18:46:34.653 [info] fatal: not a git repository (or any parent up to mount point /)
Stopping at filesystem boundary (GIT_DISCOVERY_ACROSS_FILESYSTEM not set).
2024-02-29 18:46:34.655 [info] > git rev-parse --show-toplevel [1ms]
2024-02-29 18:46:34.655 [info] fatal: not a git repository (or any parent up to mount point /)
Stopping at filesystem boundary (GIT_DISCOVERY_ACROSS_FILESYSTEM not set).
2024-02-29 18:46:34.657 [info] > git rev-parse --show-toplevel [1ms]
2024-02-29 18:46:34.657 [info] fatal: not a git repository (or any parent up to mount point /)
Stopping at filesystem boundary (GIT_DISCOVERY_ACROSS_FILESYSTEM not set).
2024-02-29 18:46:34.659 [info] > git rev-parse --show-toplevel [1ms]
2024-02-29 18:46:34.659 [info] fatal: not a git repository (or any parent up to mount point /)
Stopping at filesystem boundary (GIT_DISCOVERY_ACROSS_FILESYSTEM not set).
2024-02-29 18:46:34.663 [info] > git rev-parse --show-toplevel [1ms]
2024-02-29 18:46:34.663 [info] fatal: not a git repository (or any parent up to mount point /)
Stopping at filesystem boundary (GIT_DISCOVERY_ACROSS_FILESYSTEM not set).
2024-02-29 18:46:34.665 [info] > git rev-parse --show-toplevel [1ms]
2024-02-29 18:46:34.665 [info] fatal: not a git repository (or any parent up to mount point /)
Stopping at filesystem boundary (GIT_DISCOVERY_ACROSS_FILESYSTEM not set).
2024-02-29 18:46:34.667 [info] > git rev-parse --show-toplevel [1ms]
2024-02-29 18:46:34.667 [info] fatal: not a git repository (or any parent up to mount point /)
Stopping at filesystem boundary (GIT_DISCOVERY_ACROSS_FILESYSTEM not set).
2024-02-29 18:46:34.669 [info] > git rev-parse --show-toplevel [1ms]
2024-02-29 18:46:34.669 [info] fatal: not a git repository (or any parent up to mount point /)
Stopping at filesystem boundary (GIT_DISCOVERY_ACROSS_FILESYSTEM not set).
2024-02-29 18:46:34.671 [info] > git rev-parse --show-toplevel [1ms]
2024-02-29 18:46:34.671 [info] fatal: not a git repository (or any parent up to mount point /)
Stopping at filesystem boundary (GIT_DISCOVERY_ACROSS_FILESYSTEM not set).
2024-02-29 18:46:57.163 [info] > git rev-parse --show-toplevel [1ms]
2024-02-29 18:46:57.164 [info] fatal: not a git repository (or any parent up to mount point /)
Stopping at filesystem boundary (GIT_DISCOVERY_ACROSS_FILESYSTEM not set).
2024-02-29 18:49:38.484 [info] > git rev-parse --show-toplevel [25ms]
2024-02-29 18:49:38.485 [info] fatal: not a git repository (or any parent up to mount point /)
Stopping at filesystem boundary (GIT_DISCOVERY_ACROSS_FILESYSTEM not set).
