2024-03-18 16:43:59.386 [info] Added views:workbench.panel.markers.view in workbench.panel.markers
2024-03-18 16:43:59.386 [info] Added views:workbench.panel.output in workbench.panel.output
2024-03-18 16:43:59.386 [info] Added views:terminal in terminal
2024-03-18 16:43:59.386 [info] Added views:outline in workbench.view.explorer
2024-03-18 16:43:59.386 [info] Added views:workbench.scm in workbench.view.scm
2024-03-18 16:43:59.386 [info] Added views:workbench.view.search in workbench.view.search
2024-03-18 16:43:59.386 [info] Added views:timeline in workbench.view.explorer
2024-03-18 16:43:59.386 [info] Added views:workbench.explorer.emptyView in workbench.view.explorer
2024-03-18 16:43:59.447 [info] Added views:workbench.debug.welcome in workbench.view.debug
2024-03-18 16:43:59.731 [info] Added views:~remote.forwardedPorts in ~remote.forwardedPortsContainer
2024-03-18 16:44:00.122 [info] Added views:workbench.panel.repl.view in workbench.panel.repl
2024-03-18 16:44:10.425 [info] Added views:workbench.views.extensions.installed,workbench.views.extensions.popular,extensions.recommendedList in workbench.view.extensions
2024-03-18 16:44:10.431 [info] Removed views:workbench.views.extensions.popular from workbench.view.extensions
2024-03-18 16:44:10.851 [info] Added views:workbench.views.extensions.popular in workbench.view.extensions
2024-03-18 16:44:11.150 [info] Removed views:extensions.recommendedList,workbench.views.extensions.popular,workbench.views.extensions.installed from workbench.view.extensions
2024-03-18 16:44:11.153 [info] Added views:workbench.views.extensions.marketplace in workbench.view.extensions
2024-03-18 16:44:12.988 [info] Added views:dockerContainers,dockerImages,dockerRegistries,dockerNetworks,dockerVolumes,vscode-docker.views.dockerContexts,vscode-docker.views.help in workbench.view.extension.dockerView
2024-03-18 16:44:12.988 [info] Added views:targetsContainers,devVolumes in workbench.view.remote
2024-03-18 16:44:17.010 [info] Removed views:workbench.views.extensions.marketplace from workbench.view.extensions
2024-03-18 16:44:17.035 [info] Added views:workbench.views.extensions.installed,workbench.views.extensions.popular,extensions.recommendedList in workbench.view.extensions
2024-03-18 16:44:19.991 [info] Removed views:extensions.recommendedList,workbench.views.extensions.popular,workbench.views.extensions.installed from workbench.view.extensions
2024-03-18 16:44:20.004 [info] Added views:workbench.views.extensions.marketplace in workbench.view.extensions
2024-03-18 16:46:12.922 [info] Removed views:workbench.views.extensions.marketplace from workbench.view.extensions
2024-03-18 16:46:12.949 [info] Added views:workbench.views.extensions.installed,workbench.views.extensions.popular,extensions.recommendedList in workbench.view.extensions
2024-03-18 16:50:56.267 [info] Added views:workbench.panel.markers.view in workbench.panel.markers
2024-03-18 16:50:56.268 [info] Added views:workbench.panel.output in workbench.panel.output
2024-03-18 16:50:56.268 [info] Added views:terminal in terminal
2024-03-18 16:50:56.268 [info] Added views:outline in workbench.view.explorer
2024-03-18 16:50:56.268 [info] Added views:workbench.scm in workbench.view.scm
2024-03-18 16:50:56.268 [info] Added views:workbench.view.search in workbench.view.search
2024-03-18 16:50:56.268 [info] Added views:timeline in workbench.view.explorer
2024-03-18 16:50:56.268 [info] Added views:workbench.explorer.fileView in workbench.view.explorer
2024-03-18 16:50:56.311 [info] Added views:workbench.debug.variablesView,workbench.debug.watchExpressionsView,workbench.debug.callStackView,workbench.debug.breakPointsView in workbench.view.debug
2024-03-18 16:50:56.447 [info] Added views:dockerContainers,dockerImages,dockerRegistries,dockerNetworks,dockerVolumes,vscode-docker.views.dockerContexts,vscode-docker.views.help in workbench.view.extension.dockerView
2024-03-18 16:50:56.448 [info] Added views:targetsContainers,devVolumes in workbench.view.remote
2024-03-18 16:50:56.460 [info] Added views:~remote.forwardedPorts in ~remote.forwardedPortsContainer
2024-03-18 16:50:56.592 [info] Added views:workbench.panel.repl.view in workbench.panel.repl
2024-03-18 16:50:56.593 [info] Removed views:workbench.debug.breakPointsView,workbench.debug.callStackView,workbench.debug.watchExpressionsView,workbench.debug.variablesView from workbench.view.debug
2024-03-18 16:50:56.593 [info] Added views:workbench.debug.welcome in workbench.view.debug
2024-03-18 16:51:03.942 [info] Added views:workbench.views.extensions.installed,workbench.views.extensions.popular,extensions.recommendedList in workbench.view.extensions
2024-03-18 16:51:03.948 [info] Removed views:workbench.views.extensions.popular from workbench.view.extensions
2024-03-18 16:51:05.547 [info] Removed views:extensions.recommendedList,workbench.views.extensions.installed from workbench.view.extensions
2024-03-18 16:51:05.568 [info] Added views:workbench.views.extensions.marketplace in workbench.view.extensions
2024-03-18 16:51:21.915 [info] Added views:workbench.panel.markers.view in workbench.panel.markers
2024-03-18 16:51:21.915 [info] Added views:workbench.panel.output in workbench.panel.output
2024-03-18 16:51:21.915 [info] Added views:terminal in terminal
2024-03-18 16:51:21.915 [info] Added views:outline in workbench.view.explorer
2024-03-18 16:51:21.915 [info] Added views:workbench.scm in workbench.view.scm
2024-03-18 16:51:21.915 [info] Added views:workbench.view.search in workbench.view.search
2024-03-18 16:51:21.915 [info] Added views:timeline in workbench.view.explorer
2024-03-18 16:51:21.915 [info] Added views:workbench.explorer.fileView in workbench.view.explorer
2024-03-18 16:51:21.991 [info] Added views:workbench.debug.welcome in workbench.view.debug
2024-03-18 16:51:22.025 [info] Added views:workbench.views.extensions.installed,extensions.recommendedList in workbench.view.extensions
2024-03-18 16:51:22.116 [info] Added views:dockerContainers,dockerImages,dockerRegistries,dockerNetworks,dockerVolumes,vscode-docker.views.dockerContexts,vscode-docker.views.help in workbench.view.extension.dockerView
2024-03-18 16:51:22.116 [info] Added views:targetsContainers,devVolumes in workbench.view.remote
2024-03-18 16:51:22.127 [info] Added views:~remote.forwardedPorts in ~remote.forwardedPortsContainer
2024-03-18 16:51:22.203 [info] Added views:workbench.panel.repl.view in workbench.panel.repl
