[flutter] flutter doctor -v
[✓] Flutter (Channel master, 3.27.0-1.0.pre.719, on Fedora Linux Asahi Remix 40 (Workstation Edition) 6.12.1-404.asahi.fc40.aarch64+16k, locale en_US.UTF-8)
    • Flutter version 3.27.0-1.0.pre.719 on channel master at /home/heinzketchup/snap/flutter/common/flutter
    • Upstream repository https://github.com/flutter/flutter.git
    • Framework revision bb7d007b51 (5 hours ago), 2024-12-05 19:55:40 +0200
    • Engine revision b4f52b2755
    • Dart version 3.7.0 (build 3.7.0-209.0.dev)
    • DevTools version 2.41.0

[✓] Android toolchain - develop for Android devices (Android SDK version 34.0.0)
    • Android SDK at /home/heinzketchup/Android/Sdk
    • Platform android-34, build-tools 34.0.0
    • Java binary at: /home/heinzketchup/Downloads/android-studio/jbr/bin/java
      This is the JDK bundled with the latest Android Studio installation on this machine.
      To manually set the JDK path, use: `flutter config --jdk-dir="path/to/jdk"`.
    • Java version OpenJDK Runtime Environment Temurin-21.0.4+7 (build 21.0.4+7-LTS)
    • All Android licenses accepted.

[✗] Chrome - develop for the web (Cannot find Chrome executable at google-chrome)
    ! Cannot find Chrome. Try setting CHROME_EXECUTABLE to a Chrome executable.

[✓] Linux toolchain - develop for Linux desktop
    • clang version 10.0.0-4ubuntu1
    • cmake version 3.16.3
    • ninja version 1.10.0
    • pkg-config version 0.29.1

[✓] Android Studio (version 2024.2)
    • Android Studio at /home/heinzketchup/Downloads/android-studio
    • Flutter plugin version 83.0.3
    • Dart plugin can be installed from:
      🔨 https://plugins.jetbrains.com/plugin/6351-dart
    • Java version OpenJDK Runtime Environment Temurin-21.0.4+7 (build 21.0.4+7-LTS)

[✓] VS Code (version 1.95.3)
    • VS Code at /usr/share/code
    • Flutter extension version 3.102.0

[✓] Connected device (2 available)
    • BLA AL00 (mobile) • 5EF7N18404000679 • android-arm64 • Android 10 (API 29)
    • Linux (desktop)   • linux            • linux-arm64   • Fedora Linux Asahi Remix 40 (Workstation Edition) 6.12.1-404.asahi.fc40.aarch64+16k

[✓] Network resources
    • All expected network resources are available.

! Doctor found issues in 1 category.
exit code 0
