2024-12-05 17:41:32.358 [info] Added views:outline in workbench.view.explorer
2024-12-05 17:41:32.358 [info] Added views:workbench.view.search in workbench.view.search
2024-12-05 17:41:32.358 [info] Added views:workbench.scm in workbench.view.scm
2024-12-05 17:41:32.358 [info] Added views:workbench.panel.markers.view in workbench.panel.markers
2024-12-05 17:41:32.358 [info] Added views:workbench.panel.output in workbench.panel.output
2024-12-05 17:41:32.358 [info] Added views:terminal in terminal
2024-12-05 17:41:32.358 [info] Added views:timeline in workbench.view.explorer
2024-12-05 17:41:32.358 [info] Added views:workbench.explorer.emptyView in workbench.view.explorer
2024-12-05 17:41:32.391 [info] Added views:workbench.debug.welcome in workbench.view.debug
2024-12-05 17:41:32.661 [info] Added views:~remote.forwardedPorts in ~remote.forwardedPortsContainer
2024-12-05 17:41:33.326 [info] Added views:workbench.panel.repl.view in workbench.panel.repl
2024-12-05 17:41:39.767 [info] Added views:workbench.views.extensions.installed,workbench.views.extensions.popular,extensions.recommendedList in workbench.view.extensions
2024-12-05 17:41:39.770 [info] Removed views:workbench.views.extensions.popular from workbench.view.extensions
2024-12-05 17:41:39.972 [info] Added views:workbench.views.extensions.popular in workbench.view.extensions
2024-12-05 17:41:41.563 [info] Removed views:extensions.recommendedList,workbench.views.extensions.popular,workbench.views.extensions.installed from workbench.view.extensions
2024-12-05 17:41:41.579 [info] Added views:workbench.views.extensions.marketplace in workbench.view.extensions
2024-12-05 17:42:03.404 [info] Added views:outline in workbench.view.explorer
2024-12-05 17:42:03.405 [info] Added views:workbench.view.search in workbench.view.search
2024-12-05 17:42:03.405 [info] Added views:workbench.scm in workbench.view.scm
2024-12-05 17:42:03.405 [info] Added views:workbench.panel.markers.view in workbench.panel.markers
2024-12-05 17:42:03.405 [info] Added views:workbench.panel.output in workbench.panel.output
2024-12-05 17:42:03.405 [info] Added views:terminal in terminal
2024-12-05 17:42:03.405 [info] Added views:timeline in workbench.view.explorer
2024-12-05 17:42:03.405 [info] Added views:workbench.explorer.fileView in workbench.view.explorer
2024-12-05 17:42:03.455 [info] Added views:workbench.debug.variablesView,workbench.debug.watchExpressionsView,workbench.debug.callStackView,workbench.debug.breakPointsView in workbench.view.debug
2024-12-05 17:42:03.731 [info] Added views:~remote.forwardedPorts in ~remote.forwardedPortsContainer
2024-12-05 17:42:03.840 [info] Added views:workbench.panel.repl.view in workbench.panel.repl
2024-12-05 17:42:03.841 [info] Removed views:workbench.debug.breakPointsView,workbench.debug.callStackView,workbench.debug.watchExpressionsView,workbench.debug.variablesView from workbench.view.debug
2024-12-05 17:42:03.841 [info] Added views:workbench.debug.welcome in workbench.view.debug
2024-12-05 17:42:06.932 [info] Added views:workbench.scm.history in workbench.view.scm
2024-12-05 17:42:07.166 [info] Added views:workbench.view.testing in workbench.view.extension.test
2024-12-05 17:42:07.189 [info] Added views:dartDependencyTree in workbench.view.explorer
2024-12-05 17:42:07.193 [info] Added views:dartFlutterSidebar,dartFlutterOutline in workbench.view.extension.flutter
2024-12-05 18:14:55.610 [info] Added views:references-view.tree in workbench.view.extension.references-view
