2024-03-18 16:50:58.348 [info] Log level: Info
2024-03-18 16:50:58.348 [info] Validating found git in: "git"
2024-03-18 16:50:58.348 [info] Using git "2.44.0" from "git"
2024-03-18 16:50:58.348 [info] > git rev-parse --show-toplevel [15ms]
2024-03-18 16:50:58.348 [info] > git rev-parse --git-dir --git-common-dir [1ms]
2024-03-18 16:50:58.348 [info] Open repository: /home/heinrich/Documents/tuxlingo
2024-03-18 16:50:58.348 [info] > git rev-parse --show-toplevel [1ms]
2024-03-18 16:50:58.348 [info] > git config --get commit.template [2ms]
2024-03-18 16:50:58.352 [info] No remotes found in the git config file.
2024-03-18 16:50:58.352 [info] > git rev-parse --show-toplevel [2ms]
2024-03-18 16:50:58.354 [info] > git for-each-ref --format=%(refname)%00%(upstream:short)%00%(objectname)%00%(upstream:track)%00%(upstream:remotename)%00%(upstream:remoteref) refs/heads/main refs/remotes/main [2ms]
2024-03-18 16:50:58.357 [info] > git rev-parse --show-toplevel [3ms]
2024-03-18 16:50:58.360 [info] > git status -z -uall [4ms]
2024-03-18 16:50:58.371 [info] > git rev-parse --show-toplevel [12ms]
2024-03-18 16:50:58.377 [info] > git rev-parse --show-toplevel [2ms]
2024-03-18 16:50:58.378 [info] > git config --get commit.template [6ms]
2024-03-18 16:50:58.381 [info] No remotes found in the git config file.
2024-03-18 16:50:58.381 [info] > git for-each-ref --format=%(refname)%00%(upstream:short)%00%(objectname)%00%(upstream:track)%00%(upstream:remotename)%00%(upstream:remoteref) refs/heads/main refs/remotes/main [0ms]
2024-03-18 16:50:58.387 [info] > git status -z -uall [2ms]
2024-03-18 16:50:58.883 [info] > git check-ignore -v -z --stdin [4ms]
2024-03-18 16:51:22.258 [info] Log level: Info
2024-03-18 16:51:22.258 [info] Validating found git in: "git"
2024-03-18 16:51:22.258 [info] Using git "2.44.0" from "git"
2024-03-18 16:51:22.258 [info] > git rev-parse --show-toplevel [1ms]
2024-03-18 16:51:22.264 [info] > git rev-parse --git-dir --git-common-dir [2ms]
2024-03-18 16:51:22.268 [info] Open repository: /home/heinrich/Documents/tuxlingo
2024-03-18 16:51:22.276 [info] > git config --get commit.template [3ms]
2024-03-18 16:51:22.277 [info] > git rev-parse --show-toplevel [2ms]
2024-03-18 16:51:22.280 [info] No remotes found in the git config file.
2024-03-18 16:51:22.283 [info] > git rev-parse --show-toplevel [0ms]
2024-03-18 16:51:22.285 [info] > git for-each-ref --format=%(refname)%00%(upstream:short)%00%(objectname)%00%(upstream:track)%00%(upstream:remotename)%00%(upstream:remoteref) refs/heads/main refs/remotes/main [5ms]
2024-03-18 16:51:22.293 [info] > git status -z -uall [4ms]
2024-03-18 16:51:22.293 [info] > git rev-parse --show-toplevel [1ms]
2024-03-18 16:51:22.307 [info] > git rev-parse --show-toplevel [6ms]
2024-03-18 16:51:22.311 [info] > git config --get commit.template [6ms]
2024-03-18 16:51:22.315 [info] No remotes found in the git config file.
2024-03-18 16:51:22.315 [info] > git rev-parse --show-toplevel [5ms]
2024-03-18 16:51:22.316 [info] > git for-each-ref --format=%(refname)%00%(upstream:short)%00%(objectname)%00%(upstream:track)%00%(upstream:remotename)%00%(upstream:remoteref) refs/heads/main refs/remotes/main [1ms]
2024-03-18 16:51:22.320 [info] > git status -z -uall [1ms]
