2024-12-08 09:32:03.756 [info] Started local extension host with pid 10473.
2024-12-08 09:32:04.617 [info] Settings Sync: Updating due to initialize
2024-12-08 09:32:04.618 [info] Settings Sync: Updating authentication providers. Authentication Providers from store: [{"id":"github","scopes":["user:email"]},{"id":"microsoft","scopes":["openid","profile","email","offline_access"]}]
2024-12-08 09:32:04.618 [info] Settings Sync: Authentication providers updated []
2024-12-08 09:32:04.653 [info] Settings Sync: Updating authentication providers. Authentication Providers from store: [{"id":"github","scopes":["user:email"]},{"id":"microsoft","scopes":["openid","profile","email","offline_access"]}]
2024-12-08 09:32:04.654 [info] Settings Sync: Authentication providers updated ["github"]
2024-12-08 09:32:04.654 [info] Settings Sync: Updating authentication providers. Authentication Providers from store: [{"id":"github","scopes":["user:email"]},{"id":"microsoft","scopes":["openid","profile","email","offline_access"]}]
2024-12-08 09:32:04.655 [info] Settings Sync: Authentication providers updated ["github"]
2024-12-08 09:32:04.656 [info] Settings Sync: Updating authentication providers. Authentication Providers from store: [{"id":"github","scopes":["user:email"]},{"id":"microsoft","scopes":["openid","profile","email","offline_access"]}]
2024-12-08 09:32:04.656 [info] Settings Sync: Authentication providers updated ["github","microsoft"]
2024-12-08 09:32:04.657 [info] Settings Sync: Updating authentication providers. Authentication Providers from store: [{"id":"github","scopes":["user:email"]},{"id":"microsoft","scopes":["openid","profile","email","offline_access"]}]
2024-12-08 09:32:04.657 [info] Settings Sync: Authentication providers updated ["github","microsoft"]
2024-12-08 09:32:04.668 [info] Settings Sync: Updating due to declared authentication providers changed
2024-12-08 09:32:04.668 [info] Settings Sync: Updating authentication providers. Authentication Providers from store: [{"id":"github","scopes":["user:email"]},{"id":"microsoft","scopes":["openid","profile","email","offline_access"]}]
2024-12-08 09:32:04.668 [info] Settings Sync: Authentication providers updated ["github","microsoft"]
2024-12-08 09:32:04.668 [info] Settings Sync: Updating due to declared authentication providers changed
2024-12-08 09:32:04.668 [info] Settings Sync: Updating authentication providers. Authentication Providers from store: [{"id":"github","scopes":["user:email"]},{"id":"microsoft","scopes":["openid","profile","email","offline_access"]}]
2024-12-08 09:32:04.668 [info] Settings Sync: Authentication providers updated ["github","microsoft"]
2024-12-08 09:32:05.015 [info] Settings Sync: Updating authentication providers. Authentication Providers from store: [{"id":"github","scopes":["user:email"]},{"id":"microsoft","scopes":["openid","profile","email","offline_access"]}]
2024-12-08 09:32:05.015 [info] Settings Sync: Authentication providers updated ["github","microsoft"]
2024-12-08 09:32:06.369 [info] [perf] Render performance baseline is 16ms
2024-12-08 09:34:29.395 [error] [Extension Host] (node:10473) [DEP0005] DeprecationWarning: Buffer() is deprecated due to security and usability issues. Please use the Buffer.alloc(), Buffer.allocUnsafe(), or Buffer.from() methods instead.
(Use `exe --trace-deprecation ...` to show where the warning was created)
2024-12-08 09:40:36.586 [info] Settings Sync: Updating due to change in sessions
2024-12-08 09:40:36.589 [info] Settings Sync: Updating authentication providers. Authentication Providers from store: [{"id":"github","scopes":["user:email"]},{"id":"microsoft","scopes":["openid","profile","email","offline_access"]}]
2024-12-08 09:40:36.589 [info] Settings Sync: Authentication providers updated ["github","microsoft"]
2024-12-08 09:40:36.589 [info] Settings Sync: Updating due to change in sessions
2024-12-08 09:40:36.590 [info] Settings Sync: Updating authentication providers. Authentication Providers from store: [{"id":"github","scopes":["user:email"]},{"id":"microsoft","scopes":["openid","profile","email","offline_access"]}]
2024-12-08 09:40:36.591 [info] Settings Sync: Authentication providers updated ["github","microsoft"]
2024-12-08 09:40:40.243 [warning] Ignoring the error while validating workspace folder vsls:/ - ENOPRO: No file system provider found for resource 'vsls:/'
2024-12-08 09:40:40.362 [info] Started local extension host with pid 14793.
2024-12-08 09:40:40.600 [info] Settings Sync: Updating due to initialize
2024-12-08 09:40:40.600 [info] Settings Sync: Updating authentication providers. Authentication Providers from store: [{"id":"github","scopes":["user:email"]},{"id":"microsoft","scopes":["openid","profile","email","offline_access"]}]
2024-12-08 09:40:40.600 [info] Settings Sync: Authentication providers updated ["github","microsoft"]
2024-12-08 09:40:40.887 [error] [Extension Host] (node:14793) [DEP0005] DeprecationWarning: Buffer() is deprecated due to security and usability issues. Please use the Buffer.alloc(), Buffer.allocUnsafe(), or Buffer.from() methods instead.
(Use `exe --trace-deprecation ...` to show where the warning was created)
2024-12-08 09:40:41.165 [info] Settings Sync: Updating authentication providers. Authentication Providers from store: [{"id":"github","scopes":["user:email"]},{"id":"microsoft","scopes":["openid","profile","email","offline_access"]}]
2024-12-08 09:40:41.165 [info] Settings Sync: Authentication providers updated ["github","microsoft"]
2024-12-08 09:40:42.976 [info] [perf] Render performance baseline is 20ms
2024-12-08 10:26:09.486 [error] Invalid debug adapter: Error: Invalid debug adapter
    at b4t.p (vscode-file://vscode-app/usr/share/code/resources/app/out/vs/workbench/workbench.desktop.main.js:615:95)
    at b4t.$acceptDAMessage (vscode-file://vscode-app/usr/share/code/resources/app/out/vs/workbench/workbench.desktop.main.js:614:32925)
    at Pht.S (vscode-file://vscode-app/usr/share/code/resources/app/out/vs/workbench/workbench.desktop.main.js:3124:41686)
    at Pht.Q (vscode-file://vscode-app/usr/share/code/resources/app/out/vs/workbench/workbench.desktop.main.js:3124:41464)
    at Pht.M (vscode-file://vscode-app/usr/share/code/resources/app/out/vs/workbench/workbench.desktop.main.js:3124:40552)
    at Pht.L (vscode-file://vscode-app/usr/share/code/resources/app/out/vs/workbench/workbench.desktop.main.js:3124:39656)
    at vZ.value (vscode-file://vscode-app/usr/share/code/resources/app/out/vs/workbench/workbench.desktop.main.js:3124:38450)
    at x.B (vscode-file://vscode-app/usr/share/code/resources/app/out/vs/workbench/workbench.desktop.main.js:30:747)
    at x.fire (vscode-file://vscode-app/usr/share/code/resources/app/out/vs/workbench/workbench.desktop.main.js:30:965)
    at D6.fire (vscode-file://vscode-app/usr/share/code/resources/app/out/vs/workbench/workbench.desktop.main.js:630:10348)
2024-12-08 12:07:17.900 [info] Started local extension host with pid 19138.
2024-12-08 12:07:40.940 [info] Settings Sync: Updating due to initialize
2024-12-08 12:07:40.941 [info] Settings Sync: Updating authentication providers. Authentication Providers from store: [{"id":"github","scopes":["user:email"]},{"id":"microsoft","scopes":["openid","profile","email","offline_access"]}]
2024-12-08 12:07:40.942 [info] Settings Sync: Authentication providers updated []
2024-12-08 12:07:52.977 [info] Settings Sync: Updating authentication providers. Authentication Providers from store: [{"id":"github","scopes":["user:email"]},{"id":"microsoft","scopes":["openid","profile","email","offline_access"]}]
2024-12-08 12:07:52.977 [info] Settings Sync: Authentication providers updated ["github"]
2024-12-08 12:07:52.978 [info] Settings Sync: Updating authentication providers. Authentication Providers from store: [{"id":"github","scopes":["user:email"]},{"id":"microsoft","scopes":["openid","profile","email","offline_access"]}]
2024-12-08 12:07:52.978 [info] Settings Sync: Authentication providers updated ["github"]
2024-12-08 12:07:52.978 [info] Settings Sync: Updating authentication providers. Authentication Providers from store: [{"id":"github","scopes":["user:email"]},{"id":"microsoft","scopes":["openid","profile","email","offline_access"]}]
2024-12-08 12:07:52.978 [info] Settings Sync: Authentication providers updated ["github","microsoft"]
2024-12-08 12:07:52.979 [info] Settings Sync: Updating authentication providers. Authentication Providers from store: [{"id":"github","scopes":["user:email"]},{"id":"microsoft","scopes":["openid","profile","email","offline_access"]}]
2024-12-08 12:07:52.979 [info] Settings Sync: Authentication providers updated ["github","microsoft"]
2024-12-08 12:07:52.980 [info] Settings Sync: Updating due to declared authentication providers changed
2024-12-08 12:07:52.980 [info] Settings Sync: Updating authentication providers. Authentication Providers from store: [{"id":"github","scopes":["user:email"]},{"id":"microsoft","scopes":["openid","profile","email","offline_access"]}]
2024-12-08 12:07:52.983 [info] Settings Sync: Authentication providers updated ["github","microsoft"]
2024-12-08 12:07:52.983 [info] Settings Sync: Updating due to declared authentication providers changed
2024-12-08 12:07:52.984 [info] Settings Sync: Updating authentication providers. Authentication Providers from store: [{"id":"github","scopes":["user:email"]},{"id":"microsoft","scopes":["openid","profile","email","offline_access"]}]
2024-12-08 12:07:52.988 [info] Settings Sync: Authentication providers updated ["github","microsoft"]
2024-12-08 12:10:58.907 [info] [perf] Render performance baseline is 19ms
2024-12-08 13:38:53.023 [error] [Extension Host] (node:19138) [DEP0005] DeprecationWarning: Buffer() is deprecated due to security and usability issues. Please use the Buffer.alloc(), Buffer.allocUnsafe(), or Buffer.from() methods instead.
(Use `exe --trace-deprecation ...` to show where the warning was created)
2024-12-08 13:38:53.285 [info] Settings Sync: Updating authentication providers. Authentication Providers from store: [{"id":"github","scopes":["user:email"]},{"id":"microsoft","scopes":["openid","profile","email","offline_access"]}]
2024-12-08 13:38:53.285 [info] Settings Sync: Authentication providers updated ["github","microsoft"]
2024-12-08 13:46:23.559 [warning] Ignoring the error while validating workspace folder vsls:/ - ENOPRO: No file system provider found for resource 'vsls:/'
2024-12-08 13:46:23.716 [info] Started local extension host with pid 29962.
2024-12-08 13:46:23.928 [info] Settings Sync: Updating due to initialize
2024-12-08 13:46:23.928 [info] Settings Sync: Updating authentication providers. Authentication Providers from store: [{"id":"github","scopes":["user:email"]},{"id":"microsoft","scopes":["openid","profile","email","offline_access"]}]
2024-12-08 13:46:23.928 [info] Settings Sync: Authentication providers updated ["github","microsoft"]
2024-12-08 13:46:24.181 [error] [Extension Host] (node:29962) [DEP0005] DeprecationWarning: Buffer() is deprecated due to security and usability issues. Please use the Buffer.alloc(), Buffer.allocUnsafe(), or Buffer.from() methods instead.
(Use `exe --trace-deprecation ...` to show where the warning was created)
2024-12-08 13:46:24.497 [info] Settings Sync: Updating authentication providers. Authentication Providers from store: [{"id":"github","scopes":["user:email"]},{"id":"microsoft","scopes":["openid","profile","email","offline_access"]}]
2024-12-08 13:46:24.499 [info] Settings Sync: Authentication providers updated ["github","microsoft"]
2024-12-08 13:46:26.357 [info] [perf] Render performance baseline is 18ms
2024-12-08 14:49:49.870 [warning] [backup tracker] suspended, ignoring unregister event vsls:/.vscode/launch.json 
2024-12-08 14:49:50.205 [info] Started local extension host with pid 36585.
2024-12-08 14:50:13.192 [info] Settings Sync: Updating due to initialize
2024-12-08 14:50:13.192 [info] Settings Sync: Updating authentication providers. Authentication Providers from store: [{"id":"github","scopes":["user:email"]},{"id":"microsoft","scopes":["openid","profile","email","offline_access"]}]
2024-12-08 14:50:13.192 [info] Settings Sync: Authentication providers updated []
2024-12-08 14:50:25.219 [info] Settings Sync: Updating authentication providers. Authentication Providers from store: [{"id":"github","scopes":["user:email"]},{"id":"microsoft","scopes":["openid","profile","email","offline_access"]}]
2024-12-08 14:50:25.220 [info] Settings Sync: Authentication providers updated ["github"]
2024-12-08 14:50:25.220 [info] Settings Sync: Updating authentication providers. Authentication Providers from store: [{"id":"github","scopes":["user:email"]},{"id":"microsoft","scopes":["openid","profile","email","offline_access"]}]
2024-12-08 14:50:25.220 [info] Settings Sync: Authentication providers updated ["github"]
2024-12-08 14:50:25.220 [info] Settings Sync: Updating authentication providers. Authentication Providers from store: [{"id":"github","scopes":["user:email"]},{"id":"microsoft","scopes":["openid","profile","email","offline_access"]}]
2024-12-08 14:50:25.220 [info] Settings Sync: Authentication providers updated ["github","microsoft"]
2024-12-08 14:50:25.221 [info] Settings Sync: Updating authentication providers. Authentication Providers from store: [{"id":"github","scopes":["user:email"]},{"id":"microsoft","scopes":["openid","profile","email","offline_access"]}]
2024-12-08 14:50:25.223 [info] Settings Sync: Authentication providers updated ["github","microsoft"]
2024-12-08 14:50:25.223 [info] Settings Sync: Updating due to declared authentication providers changed
2024-12-08 14:50:25.223 [info] Settings Sync: Updating authentication providers. Authentication Providers from store: [{"id":"github","scopes":["user:email"]},{"id":"microsoft","scopes":["openid","profile","email","offline_access"]}]
2024-12-08 14:50:25.224 [info] Settings Sync: Authentication providers updated ["github","microsoft"]
2024-12-08 14:50:25.224 [info] Settings Sync: Updating due to declared authentication providers changed
2024-12-08 14:50:25.224 [info] Settings Sync: Updating authentication providers. Authentication Providers from store: [{"id":"github","scopes":["user:email"]},{"id":"microsoft","scopes":["openid","profile","email","offline_access"]}]
2024-12-08 14:50:25.224 [info] Settings Sync: Authentication providers updated ["github","microsoft"]
2024-12-08 14:53:31.109 [info] [perf] Render performance baseline is 19ms
