2024-12-08 09:32:03.668 [info] Added views:outline in workbench.view.explorer
2024-12-08 09:32:03.668 [info] Added views:workbench.view.search in workbench.view.search
2024-12-08 09:32:03.668 [info] Added views:workbench.scm in workbench.view.scm
2024-12-08 09:32:03.668 [info] Added views:workbench.panel.markers.view in workbench.panel.markers
2024-12-08 09:32:03.668 [info] Added views:workbench.panel.output in workbench.panel.output
2024-12-08 09:32:03.668 [info] Added views:terminal in terminal
2024-12-08 09:32:03.668 [info] Added views:timeline in workbench.view.explorer
2024-12-08 09:32:03.668 [info] Added views:workbench.explorer.fileView in workbench.view.explorer
2024-12-08 09:32:03.794 [info] Added views:workbench.debug.welcome in workbench.view.debug
2024-12-08 09:32:04.229 [info] Added views:workbench.panel.repl.view in workbench.panel.repl
2024-12-08 09:32:04.499 [info] Added views:workbench.view.testing in workbench.view.extension.test
2024-12-08 09:32:04.535 [info] Added views:dartDependencyTree in workbench.view.explorer
2024-12-08 09:32:04.539 [info] Added views:dartFlutterSidebar,dartFlutterOutline in workbench.view.extension.flutter
2024-12-08 09:32:04.617 [info] Added views:~remote.forwardedPorts in ~remote.forwardedPortsContainer
2024-12-08 09:32:04.901 [info] Added views:workbench.scm.history in workbench.view.scm
2024-12-08 09:34:22.537 [info] Added views:workbench.views.extensions.installed,workbench.views.extensions.popular,extensions.recommendedList in workbench.view.extensions
2024-12-08 09:34:22.542 [info] Removed views:workbench.views.extensions.popular from workbench.view.extensions
2024-12-08 09:34:25.268 [info] Removed views:extensions.recommendedList,workbench.views.extensions.installed from workbench.view.extensions
2024-12-08 09:34:25.284 [info] Added views:workbench.views.extensions.marketplace in workbench.view.extensions
2024-12-08 09:34:28.375 [info] Added views:liveshare.session in workbench.view.extension.liveshare
2024-12-08 09:40:39.862 [info] Added views:liveshare.help in workbench.view.extension.liveshare
2024-12-08 09:40:39.873 [info] Added views:liveshare.session.explorer in workbench.view.explorer
2024-12-08 09:40:39.983 [info] Removed views:workbench.scm.history from workbench.view.scm
2024-12-08 09:40:39.990 [info] Removed views:workbench.view.testing from workbench.view.extension.test
2024-12-08 09:40:40.324 [info] Added views:outline in workbench.view.explorer
2024-12-08 09:40:40.324 [info] Added views:workbench.view.search in workbench.view.search
2024-12-08 09:40:40.324 [info] Added views:workbench.scm in workbench.view.scm
2024-12-08 09:40:40.324 [info] Added views:workbench.panel.markers.view in workbench.panel.markers
2024-12-08 09:40:40.324 [info] Added views:workbench.panel.output in workbench.panel.output
2024-12-08 09:40:40.324 [info] Added views:terminal in terminal
2024-12-08 09:40:40.324 [info] Added views:timeline in workbench.view.explorer
2024-12-08 09:40:40.324 [info] Added views:workbench.explorer.fileView in workbench.view.explorer
2024-12-08 09:40:40.360 [info] Added views:workbench.debug.variablesView,workbench.debug.watchExpressionsView,workbench.debug.callStackView,workbench.debug.breakPointsView in workbench.view.debug
2024-12-08 09:40:40.580 [info] Added views:liveshare.session in workbench.view.extension.liveshare
2024-12-08 09:40:40.721 [info] Added views:workbench.panel.repl.view in workbench.panel.repl
2024-12-08 09:40:40.721 [info] Removed views:workbench.debug.breakPointsView,workbench.debug.callStackView,workbench.debug.watchExpressionsView,workbench.debug.variablesView from workbench.view.debug
2024-12-08 09:40:40.721 [info] Added views:workbench.debug.welcome in workbench.view.debug
2024-12-08 09:40:43.894 [info] Added views:liveshare.help in workbench.view.extension.liveshare
2024-12-08 09:40:43.900 [info] Added views:liveshare.session.explorer in workbench.view.explorer
2024-12-08 09:40:44.336 [info] Removed views:workbench.debug.welcome from workbench.view.debug
2024-12-08 09:40:44.337 [info] Added views:workbench.debug.variablesView,workbench.debug.watchExpressionsView,workbench.debug.callStackView,workbench.debug.breakPointsView in workbench.view.debug
2024-12-08 09:40:44.406 [info] Added views:workbench.panel.comments in workbench.panel.comments
2024-12-08 09:40:44.485 [info] Added views:workbench.scm.history in workbench.view.scm
2024-12-08 09:40:52.992 [info] Added views:workbench.view.testing in workbench.view.extension.test
2024-12-08 09:40:53.005 [info] Added views:dartDependencyTree in workbench.view.explorer
2024-12-08 12:07:17.522 [info] Removed views:workbench.scm.history from workbench.view.scm
2024-12-08 12:07:17.527 [info] Removed views:liveshare.help from workbench.view.extension.liveshare
2024-12-08 12:07:17.530 [info] Removed views:liveshare.session.explorer from workbench.view.explorer
2024-12-08 12:07:17.569 [info] Removed views:workbench.view.testing from workbench.view.extension.test
2024-12-08 12:07:17.841 [info] Added views:outline in workbench.view.explorer
2024-12-08 12:07:17.841 [info] Added views:workbench.view.search in workbench.view.search
2024-12-08 12:07:17.841 [info] Added views:workbench.scm in workbench.view.scm
2024-12-08 12:07:17.841 [info] Added views:workbench.panel.markers.view in workbench.panel.markers
2024-12-08 12:07:17.841 [info] Added views:workbench.panel.output in workbench.panel.output
2024-12-08 12:07:17.841 [info] Added views:terminal in terminal
2024-12-08 12:07:17.841 [info] Added views:timeline in workbench.view.explorer
2024-12-08 12:07:17.841 [info] Added views:workbench.explorer.emptyView in workbench.view.explorer
2024-12-08 12:07:18.015 [info] Added views:liveshare.session in workbench.view.extension.liveshare
2024-12-08 12:07:18.175 [info] Added views:workbench.debug.variablesView,workbench.debug.watchExpressionsView,workbench.debug.callStackView,workbench.debug.breakPointsView in workbench.view.debug
2024-12-08 12:07:18.210 [info] Added views:workbench.panel.repl.view in workbench.panel.repl
2024-12-08 12:07:18.211 [info] Removed views:workbench.debug.breakPointsView,workbench.debug.callStackView,workbench.debug.watchExpressionsView,workbench.debug.variablesView from workbench.view.debug
2024-12-08 12:07:18.211 [info] Added views:workbench.debug.welcome in workbench.view.debug
2024-12-08 12:09:49.372 [info] Added views:~remote.forwardedPorts in ~remote.forwardedPortsContainer
2024-12-08 13:46:23.225 [info] Added views:liveshare.help in workbench.view.extension.liveshare
2024-12-08 13:46:23.228 [info] Added views:liveshare.session.explorer in workbench.view.explorer
2024-12-08 13:46:23.649 [info] Added views:outline in workbench.view.explorer
2024-12-08 13:46:23.649 [info] Added views:workbench.view.search in workbench.view.search
2024-12-08 13:46:23.649 [info] Added views:workbench.scm in workbench.view.scm
2024-12-08 13:46:23.649 [info] Added views:workbench.panel.markers.view in workbench.panel.markers
2024-12-08 13:46:23.649 [info] Added views:workbench.panel.output in workbench.panel.output
2024-12-08 13:46:23.649 [info] Added views:terminal in terminal
2024-12-08 13:46:23.649 [info] Added views:timeline in workbench.view.explorer
2024-12-08 13:46:23.649 [info] Added views:workbench.explorer.fileView in workbench.view.explorer
2024-12-08 13:46:23.675 [info] Added views:workbench.debug.variablesView,workbench.debug.watchExpressionsView,workbench.debug.callStackView,workbench.debug.breakPointsView in workbench.view.debug
2024-12-08 13:46:23.907 [info] Added views:liveshare.session in workbench.view.extension.liveshare
2024-12-08 13:46:24.013 [info] Added views:workbench.panel.repl.view in workbench.panel.repl
2024-12-08 13:46:26.408 [info] Added views:liveshare.help in workbench.view.extension.liveshare
2024-12-08 13:46:26.411 [info] Added views:liveshare.session.explorer in workbench.view.explorer
2024-12-08 13:46:26.497 [info] Added views:workbench.panel.comments in workbench.panel.comments
2024-12-08 13:46:27.013 [info] Removed views:workbench.debug.breakPointsView,workbench.debug.callStackView,workbench.debug.watchExpressionsView,workbench.debug.variablesView from workbench.view.debug
2024-12-08 13:46:27.013 [info] Added views:workbench.debug.welcome in workbench.view.debug
2024-12-08 13:46:27.019 [info] Added views:workbench.scm.history in workbench.view.scm
2024-12-08 13:46:39.896 [info] Added views:workbench.view.testing in workbench.view.extension.test
2024-12-08 13:46:39.914 [info] Added views:dartDependencyTree in workbench.view.explorer
2024-12-08 14:27:20.639 [info] Removed views:workbench.debug.welcome from workbench.view.debug
2024-12-08 14:27:20.640 [info] Added views:workbench.debug.variablesView,workbench.debug.watchExpressionsView,workbench.debug.callStackView,workbench.debug.breakPointsView in workbench.view.debug
2024-12-08 14:48:31.403 [info] Removed views:workbench.debug.breakPointsView,workbench.debug.callStackView,workbench.debug.watchExpressionsView,workbench.debug.variablesView from workbench.view.debug
2024-12-08 14:48:31.404 [info] Added views:workbench.debug.welcome in workbench.view.debug
2024-12-08 14:48:35.951 [info] Removed views:workbench.debug.welcome from workbench.view.debug
2024-12-08 14:48:35.955 [info] Added views:workbench.debug.variablesView,workbench.debug.watchExpressionsView,workbench.debug.callStackView,workbench.debug.breakPointsView in workbench.view.debug
2024-12-08 14:49:49.804 [info] Removed views:workbench.scm.history from workbench.view.scm
2024-12-08 14:49:49.831 [info] Removed views:liveshare.help from workbench.view.extension.liveshare
2024-12-08 14:49:49.833 [info] Removed views:liveshare.session.explorer from workbench.view.explorer
2024-12-08 14:49:49.869 [info] Removed views:workbench.view.testing from workbench.view.extension.test
2024-12-08 14:49:50.134 [info] Added views:outline in workbench.view.explorer
2024-12-08 14:49:50.134 [info] Added views:workbench.view.search in workbench.view.search
2024-12-08 14:49:50.134 [info] Added views:workbench.scm in workbench.view.scm
2024-12-08 14:49:50.134 [info] Added views:workbench.panel.markers.view in workbench.panel.markers
2024-12-08 14:49:50.134 [info] Added views:workbench.panel.output in workbench.panel.output
2024-12-08 14:49:50.134 [info] Added views:terminal in terminal
2024-12-08 14:49:50.134 [info] Added views:timeline in workbench.view.explorer
2024-12-08 14:49:50.134 [info] Added views:workbench.explorer.emptyView in workbench.view.explorer
2024-12-08 14:49:50.321 [info] Added views:liveshare.session in workbench.view.extension.liveshare
2024-12-08 14:49:50.479 [info] Added views:workbench.debug.variablesView,workbench.debug.watchExpressionsView,workbench.debug.callStackView,workbench.debug.breakPointsView in workbench.view.debug
2024-12-08 14:49:50.497 [info] Added views:workbench.panel.repl.view in workbench.panel.repl
2024-12-08 14:49:50.497 [info] Removed views:workbench.debug.breakPointsView,workbench.debug.callStackView,workbench.debug.watchExpressionsView,workbench.debug.variablesView from workbench.view.debug
2024-12-08 14:49:50.497 [info] Added views:workbench.debug.welcome in workbench.view.debug
2024-12-08 14:52:21.577 [info] Added views:~remote.forwardedPorts in ~remote.forwardedPortsContainer
