2024-12-08 09:32:05.047 [info] Reading sessions from keychain...
2024-12-08 09:32:05.047 [info] Getting sessions for all scopes...
2024-12-08 09:32:05.047 [info] Getting sessions for all scopes...
2024-12-08 09:32:05.047 [info] Getting sessions for all scopes...
2024-12-08 09:32:05.047 [info] Got 0 sessions for ...
2024-12-08 09:32:05.047 [info] Got 0 sessions for ...
2024-12-08 09:32:05.047 [info] Got 0 sessions for ...
2024-12-08 09:32:05.047 [info] Getting sessions for read:user,repo,user:email,workflow...
2024-12-08 09:32:05.047 [info] Got 0 sessions for read:user,repo,user:email,workflow...
2024-12-08 09:32:06.282 [info] Getting sessions for all scopes...
2024-12-08 09:32:06.282 [info] Got 0 sessions for ...
2024-12-08 09:34:29.700 [info] Getting sessions for read:user,repo,user:email,workflow...
2024-12-08 09:34:29.700 [info] Got 0 sessions for read:user,repo,user:email,workflow...
2024-12-08 09:34:30.188 [info] Getting sessions for read:user,repo,user:email,workflow...
2024-12-08 09:34:30.188 [info] Got 0 sessions for read:user,repo,user:email,workflow...
2024-12-08 09:40:08.763 [info] Getting sessions for read:user,repo,user:email,workflow...
2024-12-08 09:40:08.764 [info] Got 0 sessions for read:user,repo,user:email,workflow...
2024-12-08 09:40:08.768 [info] Getting sessions for read:user,repo,user:email,workflow...
2024-12-08 09:40:08.768 [info] Got 0 sessions for read:user,repo,user:email,workflow...
2024-12-08 09:40:09.860 [info] Logging in with 'any' account...
2024-12-08 09:40:09.860 [info] Logging in for the following scopes: read:user repo user:email workflow
2024-12-08 09:40:09.876 [info] Trying without local server... (read:user repo user:email workflow)
2024-12-08 09:40:26.380 [error] User Cancelled
2024-12-08 09:40:29.575 [info] Trying with local server... (read:user repo user:email workflow)
2024-12-08 09:40:33.774 [info] Exchanging code for token...
2024-12-08 09:40:34.010 [info] Token exchange success!
2024-12-08 09:40:34.015 [info] Getting user info...
2024-12-08 09:40:34.247 [info] Got account info!
2024-12-08 09:40:34.248 [info] Storing 1 sessions...
2024-12-08 09:40:36.574 [info] Reading sessions from keychain...
2024-12-08 09:40:36.574 [info] Stored 1 sessions!
2024-12-08 09:40:36.574 [info] Login success!
2024-12-08 09:40:36.595 [info] Got stored sessions!
2024-12-08 09:40:36.595 [info] Got 1 verified sessions.
2024-12-08 09:40:36.631 [info] Getting sessions for read:user,repo,user:email,workflow...
2024-12-08 09:40:36.631 [info] Got 1 sessions for read:user,repo,user:email,workflow...
2024-12-08 09:40:36.864 [info] Getting sessions for read:user,repo,user:email,workflow...
2024-12-08 09:40:36.864 [info] Got 1 sessions for read:user,repo,user:email,workflow...
2024-12-08 09:40:36.885 [info] Getting sessions for read:user,repo,user:email,workflow...
2024-12-08 09:40:36.885 [info] Got 1 sessions for read:user,repo,user:email,workflow...
2024-12-08 09:40:41.171 [info] Reading sessions from keychain...
2024-12-08 09:40:41.171 [info] Getting sessions for all scopes...
2024-12-08 09:40:41.171 [info] Getting sessions for all scopes...
2024-12-08 09:40:41.171 [info] Getting sessions for all scopes...
2024-12-08 09:40:41.171 [info] Got stored sessions!
2024-12-08 09:40:41.171 [info] Got 1 verified sessions.
2024-12-08 09:40:41.171 [info] Got 1 sessions for ...
2024-12-08 09:40:41.171 [info] Got 1 sessions for ...
2024-12-08 09:40:41.171 [info] Got 1 sessions for ...
2024-12-08 09:40:41.173 [info] Getting sessions for read:user,repo,user:email,workflow...
2024-12-08 09:40:41.173 [info] Got 1 sessions for read:user,repo,user:email,workflow...
2024-12-08 09:40:42.899 [info] Getting sessions for all scopes...
2024-12-08 09:40:42.899 [info] Got 1 sessions for ...
2024-12-08 13:38:53.293 [info] Reading sessions from keychain...
2024-12-08 13:38:53.294 [info] Getting sessions for all scopes...
2024-12-08 13:38:53.294 [info] Getting sessions for all scopes...
2024-12-08 13:38:53.294 [info] Getting sessions for all scopes...
2024-12-08 13:38:53.294 [info] Got stored sessions!
2024-12-08 13:38:53.294 [info] Got 1 verified sessions.
2024-12-08 13:38:53.294 [info] Got 1 sessions for ...
2024-12-08 13:38:53.294 [info] Got 1 sessions for ...
2024-12-08 13:38:53.294 [info] Got 1 sessions for ...
2024-12-08 13:38:53.295 [info] Getting sessions for read:user,repo,user:email,workflow...
2024-12-08 13:38:53.295 [info] Got 1 sessions for read:user,repo,user:email,workflow...
2024-12-08 13:46:24.502 [info] Reading sessions from keychain...
2024-12-08 13:46:24.502 [info] Getting sessions for all scopes...
2024-12-08 13:46:24.502 [info] Getting sessions for all scopes...
2024-12-08 13:46:24.502 [info] Getting sessions for all scopes...
2024-12-08 13:46:24.502 [info] Got stored sessions!
2024-12-08 13:46:24.502 [info] Got 1 verified sessions.
2024-12-08 13:46:24.502 [info] Got 1 sessions for ...
2024-12-08 13:46:24.502 [info] Got 1 sessions for ...
2024-12-08 13:46:24.502 [info] Got 1 sessions for ...
2024-12-08 13:46:24.502 [info] Getting sessions for read:user,repo,user:email,workflow...
2024-12-08 13:46:24.502 [info] Got 1 sessions for read:user,repo,user:email,workflow...
2024-12-08 13:46:26.233 [info] Getting sessions for all scopes...
2024-12-08 13:46:26.233 [info] Got 1 sessions for ...
