    OpenRGB v0.91
    Commit: d7c3fd1fb14b4af57fa0a391a88ca67de0e73702 from 2024-07-07 01:46:58 -0500
    Launched: 20240707_094700
====================================================================================================

1002  |Info:    Initializing HID interfaces: Success
1002  |Info:    ------------------------------------------------------
1002  |Info:    |               Start device detection               |
1002  |Info:    ------------------------------------------------------
1005  |Info:    ------------------------------------------------------
1005  |Info:    |             Detecting I2C interfaces               |
1005  |Info:    ------------------------------------------------------
1006  |Info:    Registering I2C interface: /dev/i2c-1 Device 0000:0000 Subsystem: 0000:0000
1006  |Info:    Registering I2C interface: /dev/i2c-2 Device 0000:0000 Subsystem: 0000:0000
1006  |Info:    Registering I2C interface: /dev/i2c-0 Device 0000:0000 Subsystem: 0000:0000
1006  |Info:    ------------------------------------------------------
1006  |Info:    |               Detecting I2C devices                |
1006  |Info:    ------------------------------------------------------
1018  |Info:    ------------------------------------------------------
1018  |Info:    |               Detecting I2C PCI devices            |
1018  |Info:    ------------------------------------------------------
1019  |Info:    ------------------------------------------------------
1019  |Info:    |               Detecting HID devices                |
1019  |Info:    ------------------------------------------------------
1019  |Info:    ------------------------------------------------------
1019  |Info:    |            Detecting libusb HID devices            |
1019  |Info:    ------------------------------------------------------
1020  |Info:    ------------------------------------------------------
1020  |Info:    |              Detecting other devices               |
1020  |Info:    ------------------------------------------------------
1021  |Info:    ------------------------------------------------------
1021  |Info:    |                Detection completed                 |
1021  |Info:    ------------------------------------------------------
