2024-12-08 09:32:03.294 [info] update#setState idle
2024-12-08 09:32:33.295 [info] update#setState checking for updates
2024-12-08 09:32:33.391 [info] update#setState idle
2024-12-08 09:40:40.057 [error] [UtilityProcessWorker]: terminated unexpectedly with code 18446744072277895000, signal: unknown
2024-12-08 09:40:40.281 [info] Extension host with pid 10473 exited with code: 0, signal: unknown.
2024-12-08 10:32:33.297 [info] update#setState checking for updates
2024-12-08 10:32:33.453 [info] update#setState idle
2024-12-08 12:07:17.597 [error] [UtilityProcessWorker]: terminated unexpectedly with code 18446744072277895000, signal: unknown
2024-12-08 12:07:17.797 [info] Extension host with pid 14793 exited with code: 0, signal: unknown.
2024-12-08 12:57:18.767 [warning] No ptyHost heartbeat after 6 seconds
2024-12-08 13:20:45.355 [info] update#setState checking for updates
2024-12-08 13:20:45.482 [info] update#setState idle
2024-12-08 13:46:23.349 [info] Extension host with pid 19138 exited with code: 0, signal: unknown.
2024-12-08 14:20:45.357 [info] update#setState checking for updates
2024-12-08 14:20:45.504 [info] update#setState idle
2024-12-08 14:49:50.107 [info] Extension host with pid 29962 exited with code: 0, signal: unknown.
2024-12-08 15:20:45.362 [info] update#setState checking for updates
2024-12-08 15:20:45.491 [info] update#setState idle
2024-12-08 16:20:45.367 [info] update#setState checking for updates
2024-12-08 16:20:45.493 [info] update#setState idle
2024-12-08 17:20:45.368 [info] update#setState checking for updates
2024-12-08 17:20:45.503 [info] update#setState idle
