2024-12-05 17:41:33.426 [info] [main] Log level: Info
2024-12-05 17:41:33.426 [info] [main] Validating found git in: "git"
2024-12-05 17:41:33.426 [info] [main] Using git "2.47.0" from "git"
2024-12-05 17:41:33.426 [info] [Model][doInitialScan] Initial repository scan started
2024-12-05 17:41:33.426 [info] [Model][doInitialScan] Initial repository scan completed - repositories (0), closed repositories (0), parent repositories (0), unsafe repositories (0)
2024-12-05 17:42:06.923 [info] [main] Log level: Info
2024-12-05 17:42:06.923 [info] [main] Validating found git in: "git"
2024-12-05 17:42:06.923 [info] [main] Using git "2.47.0" from "git"
2024-12-05 17:42:06.923 [info] [Model][doInitialScan] Initial repository scan started
2024-12-05 17:42:06.923 [info] > git rev-parse --show-toplevel [4ms]
2024-12-05 17:42:06.928 [info] > git rev-parse --git-dir --git-common-dir [2ms]
2024-12-05 17:42:06.932 [info] [Model][openRepository] Opened repository: /home/heinzketchup/Documents/Musify
2024-12-05 17:42:06.941 [info] > git rev-parse --show-toplevel [2ms]
2024-12-05 17:42:06.941 [info] > git config --get commit.template [5ms]
2024-12-05 17:42:06.956 [info] > git for-each-ref --format=%(refname)%00%(upstream:short)%00%(objectname)%00%(upstream:track)%00%(upstream:remotename)%00%(upstream:remoteref) refs/heads/make-interface-intuitive refs/remotes/make-interface-intuitive [10ms]
2024-12-05 17:42:06.956 [info] > git rev-parse --show-toplevel [13ms]
2024-12-05 17:42:06.968 [info] > git rev-parse --show-toplevel [3ms]
2024-12-05 17:42:06.976 [info] > git rev-parse --show-toplevel [6ms]
2024-12-05 17:42:06.978 [info] > git status -z -uall [5ms]
2024-12-05 17:42:06.979 [info] > git for-each-ref --sort -committerdate --format %(refname) %(objectname) %(*objectname) [3ms]
2024-12-05 17:42:06.988 [info] > git rev-parse --show-toplevel [10ms]
2024-12-05 17:42:06.991 [info] > git config --get commit.template [3ms]
2024-12-05 17:42:06.991 [info] > git for-each-ref --format=%(refname)%00%(upstream:short)%00%(objectname)%00%(upstream:track)%00%(upstream:remotename)%00%(upstream:remoteref) refs/heads/make-interface-intuitive refs/remotes/make-interface-intuitive [7ms]
2024-12-05 17:42:07.010 [info] > git config --local branch.make-interface-intuitive.vscode-merge-base [17ms]
2024-12-05 17:42:07.010 [warning] [Git][config] git config failed: Failed to execute git
2024-12-05 17:42:07.013 [info] > git rev-parse --show-toplevel [22ms]
2024-12-05 17:42:07.026 [info] > git reflog make-interface-intuitive --grep-reflog=branch: Created from *. [13ms]
2024-12-05 17:42:07.028 [info] > git rev-parse --show-toplevel [2ms]
2024-12-05 17:42:07.029 [info] > git for-each-ref --format=%(refname)%00%(upstream:short)%00%(objectname)%00%(upstream:track)%00%(upstream:remotename)%00%(upstream:remoteref) refs/heads/make-interface-intuitive refs/remotes/make-interface-intuitive [5ms]
2024-12-05 17:42:07.031 [info] > git reflog HEAD --grep-reflog=checkout: moving from .* to make-interface-intuitive [4ms]
2024-12-05 17:42:07.036 [info] > git for-each-ref --format=%(refname)%00%(upstream:short)%00%(objectname)%00%(upstream:track)%00%(upstream:remotename)%00%(upstream:remoteref) refs/heads/master refs/remotes/master [2ms]
2024-12-05 17:42:07.038 [info] > git rev-parse --show-toplevel [8ms]
2024-12-05 17:42:07.046 [info] > git status -z -uall [3ms]
2024-12-05 17:42:07.046 [info] > git for-each-ref --format=%(refname)%00%(upstream:short)%00%(objectname)%00%(upstream:track)%00%(upstream:remotename)%00%(upstream:remoteref) refs/remotes/origin/master [8ms]
2024-12-05 17:42:07.048 [info] > git for-each-ref --sort -committerdate --format %(refname) %(objectname) %(*objectname) [3ms]
2024-12-05 17:42:07.051 [info] > git rev-parse --show-toplevel [9ms]
2024-12-05 17:42:07.054 [info] > git for-each-ref --format=%(refname)%00%(upstream:short)%00%(objectname)%00%(upstream:track)%00%(upstream:remotename)%00%(upstream:remoteref) refs/heads/make-interface-intuitive refs/remotes/make-interface-intuitive [4ms]
2024-12-05 17:42:07.055 [info] > git config --local branch.make-interface-intuitive.vscode-merge-base origin/master [8ms]
2024-12-05 17:42:07.058 [info] > git config --local branch.make-interface-intuitive.vscode-merge-base [3ms]
2024-12-05 17:42:07.060 [info] > git rev-parse --show-toplevel [7ms]
2024-12-05 17:42:07.063 [info] > git for-each-ref --format=%(refname)%00%(upstream:short)%00%(objectname)%00%(upstream:track)%00%(upstream:remotename)%00%(upstream:remoteref) refs/heads/origin/master refs/remotes/origin/master [3ms]
2024-12-05 17:42:07.065 [info] > git config --get commit.template [7ms]
2024-12-05 17:42:07.065 [info] > git rev-parse --show-toplevel [2ms]
2024-12-05 17:42:07.068 [info] > git merge-base refs/heads/make-interface-intuitive refs/remotes/origin/make-interface-intuitive [3ms]
2024-12-05 17:42:07.071 [info] > git rev-parse --show-toplevel [3ms]
2024-12-05 17:42:07.071 [info] > git for-each-ref --format=%(refname)%00%(upstream:short)%00%(objectname)%00%(upstream:track)%00%(upstream:remotename)%00%(upstream:remoteref) refs/heads/make-interface-intuitive refs/remotes/make-interface-intuitive [4ms]
2024-12-05 17:42:07.072 [info] > git diff --name-status -z --diff-filter=ADMR 6defd97bbceb5a07dc1c7d25810742269219b01e...refs/remotes/origin/make-interface-intuitive [1ms]
2024-12-05 17:42:07.073 [info] > git rev-parse --show-toplevel [1ms]
2024-12-05 17:42:07.078 [info] > git status -z -uall [4ms]
2024-12-05 17:42:07.078 [info] > git for-each-ref --sort -committerdate --format %(refname) %(objectname) %(*objectname) [3ms]
2024-12-05 17:42:07.079 [info] > git rev-parse --show-toplevel [2ms]
2024-12-05 17:42:07.080 [info] [Model][doInitialScan] Initial repository scan completed - repositories (1), closed repositories (0), parent repositories (0), unsafe repositories (0)
2024-12-05 17:42:07.452 [info] > git check-ignore -v -z --stdin [8ms]
2024-12-05 17:42:08.193 [info] > git config --get commit.template [6ms]
2024-12-05 17:42:08.195 [info] > git for-each-ref --format=%(refname)%00%(upstream:short)%00%(objectname)%00%(upstream:track)%00%(upstream:remotename)%00%(upstream:remoteref) refs/heads/make-interface-intuitive refs/remotes/make-interface-intuitive [2ms]
2024-12-05 17:42:08.206 [info] > git status -z -uall [6ms]
2024-12-05 17:42:08.208 [info] > git for-each-ref --sort -committerdate --format %(refname) %(objectname) %(*objectname) [3ms]
2024-12-05 17:42:18.193 [info] > git check-ignore -v -z --stdin [10ms]
2024-12-05 17:42:19.642 [info] > git show --textconv :lib/main.dart [7ms]
2024-12-05 17:42:19.643 [info] > git ls-files --stage -- /home/heinzketchup/Documents/Musify/lib/main.dart [2ms]
2024-12-05 17:42:19.649 [info] > git cat-file -s b7ac358909f7e7d51688eb0774043be104f3ffc5 [1ms]
2024-12-05 17:42:23.494 [info] > git check-ignore -v -z --stdin [6ms]
2024-12-05 17:42:25.476 [info] > git check-ignore -v -z --stdin [1ms]
2024-12-05 17:42:27.357 [info] > git show --textconv :lib/services/data_manager.dart [5ms]
2024-12-05 17:42:27.357 [info] > git ls-files --stage -- /home/heinzketchup/Documents/Musify/lib/services/data_manager.dart [1ms]
2024-12-05 17:42:27.362 [info] > git cat-file -s 6e27e2a46fc967ef7242b99426346435bd2b0ee7 [1ms]
2024-12-05 17:42:27.915 [info] > git ls-files --stage -- /home/heinzketchup/Documents/Musify/lib/services/audio_service.dart [12ms]
2024-12-05 17:42:27.931 [info] > git show --textconv :lib/services/audio_service.dart [32ms]
2024-12-05 17:42:27.931 [info] > git cat-file -s 923271a18c909739bfe1cb5f901453baf0bf5bd3 [11ms]
2024-12-05 17:44:14.569 [info] > git config --get commit.template [8ms]
2024-12-05 17:44:14.571 [info] > git for-each-ref --format=%(refname)%00%(upstream:short)%00%(objectname)%00%(upstream:track)%00%(upstream:remotename)%00%(upstream:remoteref) refs/heads/make-interface-intuitive refs/remotes/make-interface-intuitive [5ms]
2024-12-05 17:44:14.587 [info] > git status -z -uall [7ms]
2024-12-05 17:44:14.589 [info] > git for-each-ref --sort -committerdate --format %(refname) %(objectname) %(*objectname) [4ms]
2024-12-05 17:44:27.131 [info] > git config --get commit.template [25ms]
2024-12-05 17:44:27.135 [info] > git for-each-ref --format=%(refname)%00%(upstream:short)%00%(objectname)%00%(upstream:track)%00%(upstream:remotename)%00%(upstream:remoteref) refs/heads/make-interface-intuitive refs/remotes/make-interface-intuitive [12ms]
2024-12-05 17:44:27.180 [info] > git status -z -uall [35ms]
2024-12-05 17:44:27.180 [info] > git for-each-ref --sort -committerdate --format %(refname) %(objectname) %(*objectname) [24ms]
2024-12-05 17:44:44.339 [info] > git config --get commit.template [3ms]
2024-12-05 17:44:44.363 [info] > git for-each-ref --format=%(refname)%00%(upstream:short)%00%(objectname)%00%(upstream:track)%00%(upstream:remotename)%00%(upstream:remoteref) refs/heads/make-interface-intuitive refs/remotes/make-interface-intuitive [5ms]
2024-12-05 17:44:44.374 [info] > git status -z -uall [6ms]
2024-12-05 17:44:44.376 [info] > git for-each-ref --sort -committerdate --format %(refname) %(objectname) %(*objectname) [2ms]
2024-12-05 17:44:44.420 [info] > git ls-files --stage -- /home/heinzketchup/Documents/Musify/lib/services/audio_service.dart [1ms]
2024-12-05 17:44:44.425 [info] > git cat-file -s 923271a18c909739bfe1cb5f901453baf0bf5bd3 [2ms]
2024-12-05 17:44:44.432 [info] > git show --textconv :lib/services/audio_service.dart [1ms]
2024-12-05 17:44:52.659 [info] > git config --get commit.template [8ms]
2024-12-05 17:44:52.661 [info] > git for-each-ref --format=%(refname)%00%(upstream:short)%00%(objectname)%00%(upstream:track)%00%(upstream:remotename)%00%(upstream:remoteref) refs/heads/make-interface-intuitive refs/remotes/make-interface-intuitive [5ms]
2024-12-05 17:44:52.673 [info] > git for-each-ref --sort -committerdate --format %(refname) %(objectname) %(*objectname) [3ms]
2024-12-05 17:44:52.675 [info] > git status -z -uall [9ms]
2024-12-05 17:44:55.077 [info] > git log --format=%H%n%aN%n%aE%n%at%n%ct%n%P%n%D%n%B -z --shortstat --diff-merges=first-parent -n50 --skip=0 --topo-order --decorate=full --stdin [51ms]
2024-12-05 17:44:55.660 [info] > git check-ignore -v -z --stdin [4ms]
2024-12-05 17:44:59.276 [info] > git ls-tree -l HEAD -- /home/heinzketchup/Documents/Musify/web/favicon.png [9ms]
2024-12-05 17:44:59.278 [info] > git ls-tree -l HEAD -- /home/heinzketchup/Documents/Musify/web/favicon.png [3ms]
2024-12-05 17:45:00.265 [info] > git show --textconv HEAD:web/manifest.json [10ms]
2024-12-05 17:45:00.265 [info] > git ls-tree -l HEAD -- /home/heinzketchup/Documents/Musify/web/manifest.json [2ms]
2024-12-05 17:45:01.095 [info] > git ls-tree -l HEAD -- /home/heinzketchup/Documents/Musify/web/icons/Icon-192.png [8ms]
2024-12-05 17:45:01.097 [info] > git ls-tree -l HEAD -- /home/heinzketchup/Documents/Musify/web/icons/Icon-192.png [3ms]
2024-12-05 17:45:01.577 [info] > git check-ignore -v -z --stdin [1ms]
2024-12-05 17:45:01.895 [info] > git ls-tree -l HEAD -- /home/heinzketchup/Documents/Musify/web/favicon.png [2ms]
2024-12-05 17:45:01.896 [info] > git ls-tree -l HEAD -- /home/heinzketchup/Documents/Musify/web/favicon.png [1ms]
2024-12-05 17:45:09.404 [info] > git config --get commit.template [6ms]
2024-12-05 17:45:09.408 [info] > git for-each-ref --format=%(refname)%00%(upstream:short)%00%(objectname)%00%(upstream:track)%00%(upstream:remotename)%00%(upstream:remoteref) refs/heads/make-interface-intuitive refs/remotes/make-interface-intuitive [4ms]
2024-12-05 17:45:09.419 [info] > git status -z -uall [5ms]
2024-12-05 17:45:09.421 [info] > git for-each-ref --sort -committerdate --format %(refname) %(objectname) %(*objectname) [2ms]
2024-12-05 17:45:38.146 [info] > git config --get commit.template [7ms]
2024-12-05 17:45:38.149 [info] > git for-each-ref --format=%(refname)%00%(upstream:short)%00%(objectname)%00%(upstream:track)%00%(upstream:remotename)%00%(upstream:remoteref) refs/heads/make-interface-intuitive refs/remotes/make-interface-intuitive [5ms]
2024-12-05 17:45:38.160 [info] > git status -z -uall [7ms]
2024-12-05 17:45:38.161 [info] > git for-each-ref --sort -committerdate --format %(refname) %(objectname) %(*objectname) [2ms]
2024-12-05 17:45:55.909 [info] > git config --get commit.template [10ms]
2024-12-05 17:45:55.910 [info] > git for-each-ref --format=%(refname)%00%(upstream:short)%00%(objectname)%00%(upstream:track)%00%(upstream:remotename)%00%(upstream:remoteref) refs/heads/make-interface-intuitive refs/remotes/make-interface-intuitive [5ms]
2024-12-05 17:45:55.925 [info] > git for-each-ref --sort -committerdate --format %(refname) %(objectname) %(*objectname) [3ms]
2024-12-05 17:45:55.929 [info] > git status -z -uall [11ms]
2024-12-05 17:48:19.780 [info] > git ls-files --stage -- /home/heinzketchup/Documents/Musify/lib/services/audio_service.dart [1ms]
2024-12-05 17:48:19.784 [info] > git show --textconv :lib/services/audio_service.dart [10ms]
2024-12-05 17:48:19.784 [info] > git cat-file -s 923271a18c909739bfe1cb5f901453baf0bf5bd3 [1ms]
2024-12-05 17:49:21.092 [info] > git check-ignore -v -z --stdin [5ms]
2024-12-05 17:56:33.995 [info] > git ls-files --stage -- /home/heinzketchup/Documents/Musify/lib/widgets/mini_player.dart [9ms]
2024-12-05 17:56:34.002 [info] > git show --textconv :lib/widgets/mini_player.dart [25ms]
2024-12-05 17:56:34.003 [info] > git cat-file -s 6f8808aa2c2d0d06709340908de76d8d5a229026 [2ms]
2024-12-05 17:56:34.342 [info] > git check-ignore -v -z --stdin [1ms]
2024-12-05 17:56:42.402 [info] > git ls-files --stage -- /home/heinzketchup/Documents/Musify/lib/services/audio_service.dart [1ms]
2024-12-05 17:56:42.406 [info] > git show --textconv :lib/services/audio_service.dart [9ms]
2024-12-05 17:56:42.407 [info] > git cat-file -s 923271a18c909739bfe1cb5f901453baf0bf5bd3 [1ms]
2024-12-05 17:57:24.302 [info] > git config --get commit.template [19ms]
2024-12-05 17:57:24.304 [info] > git for-each-ref --format=%(refname)%00%(upstream:short)%00%(objectname)%00%(upstream:track)%00%(upstream:remotename)%00%(upstream:remoteref) refs/heads/make-interface-intuitive refs/remotes/make-interface-intuitive [15ms]
2024-12-05 17:57:24.319 [info] > git status -z -uall [8ms]
2024-12-05 17:57:24.321 [info] > git for-each-ref --sort -committerdate --format %(refname) %(objectname) %(*objectname) [2ms]
2024-12-05 17:57:29.383 [info] > git config --get commit.template [17ms]
2024-12-05 17:57:29.385 [info] > git for-each-ref --format=%(refname)%00%(upstream:short)%00%(objectname)%00%(upstream:track)%00%(upstream:remotename)%00%(upstream:remoteref) refs/heads/make-interface-intuitive refs/remotes/make-interface-intuitive [17ms]
2024-12-05 17:57:29.403 [info] > git for-each-ref --sort -committerdate --format %(refname) %(objectname) %(*objectname) [8ms]
2024-12-05 17:57:29.404 [info] > git status -z -uall [14ms]
2024-12-05 17:57:35.495 [info] > git config --get commit.template [2ms]
2024-12-05 17:57:35.508 [info] > git for-each-ref --format=%(refname)%00%(upstream:short)%00%(objectname)%00%(upstream:track)%00%(upstream:remotename)%00%(upstream:remoteref) refs/heads/make-interface-intuitive refs/remotes/make-interface-intuitive [2ms]
2024-12-05 17:57:35.526 [info] > git status -z -uall [10ms]
2024-12-05 17:57:35.528 [info] > git for-each-ref --sort -committerdate --format %(refname) %(objectname) %(*objectname) [3ms]
2024-12-05 18:02:05.992 [info] > git config --get commit.template [10ms]
2024-12-05 18:02:05.994 [info] > git for-each-ref --format=%(refname)%00%(upstream:short)%00%(objectname)%00%(upstream:track)%00%(upstream:remotename)%00%(upstream:remoteref) refs/heads/make-interface-intuitive refs/remotes/make-interface-intuitive [5ms]
2024-12-05 18:02:06.013 [info] > git status -z -uall [10ms]
2024-12-05 18:02:06.014 [info] > git for-each-ref --sort -committerdate --format %(refname) %(objectname) %(*objectname) [2ms]
2024-12-05 18:02:31.465 [info] > git config --get commit.template [8ms]
2024-12-05 18:02:31.469 [info] > git for-each-ref --format=%(refname)%00%(upstream:short)%00%(objectname)%00%(upstream:track)%00%(upstream:remotename)%00%(upstream:remoteref) refs/heads/make-interface-intuitive refs/remotes/make-interface-intuitive [6ms]
2024-12-05 18:02:31.481 [info] > git status -z -uall [7ms]
2024-12-05 18:02:31.482 [info] > git for-each-ref --sort -committerdate --format %(refname) %(objectname) %(*objectname) [3ms]
2024-12-05 18:03:02.445 [info] > git config --get commit.template [7ms]
2024-12-05 18:03:02.447 [info] > git for-each-ref --format=%(refname)%00%(upstream:short)%00%(objectname)%00%(upstream:track)%00%(upstream:remotename)%00%(upstream:remoteref) refs/heads/make-interface-intuitive refs/remotes/make-interface-intuitive [2ms]
2024-12-05 18:03:02.459 [info] > git for-each-ref --sort -committerdate --format %(refname) %(objectname) %(*objectname) [3ms]
2024-12-05 18:03:02.459 [info] > git status -z -uall [7ms]
2024-12-05 18:03:33.148 [info] > git config --get commit.template [16ms]
2024-12-05 18:03:33.149 [info] > git for-each-ref --format=%(refname)%00%(upstream:short)%00%(objectname)%00%(upstream:track)%00%(upstream:remotename)%00%(upstream:remoteref) refs/heads/make-interface-intuitive refs/remotes/make-interface-intuitive [6ms]
2024-12-05 18:03:33.168 [info] > git status -z -uall [10ms]
2024-12-05 18:03:33.168 [info] > git for-each-ref --sort -committerdate --format %(refname) %(objectname) %(*objectname) [3ms]
2024-12-05 18:03:58.475 [info] > git config --get commit.template [7ms]
2024-12-05 18:03:58.476 [info] > git for-each-ref --format=%(refname)%00%(upstream:short)%00%(objectname)%00%(upstream:track)%00%(upstream:remotename)%00%(upstream:remoteref) refs/heads/make-interface-intuitive refs/remotes/make-interface-intuitive [2ms]
2024-12-05 18:03:58.487 [info] > git status -z -uall [7ms]
2024-12-05 18:03:58.488 [info] > git for-each-ref --sort -committerdate --format %(refname) %(objectname) %(*objectname) [2ms]
2024-12-05 18:06:16.498 [info] > git for-each-ref --format=%(refname)%00%(upstream:short)%00%(objectname)%00%(upstream:track)%00%(upstream:remotename)%00%(upstream:remoteref) refs/heads/make-interface-intuitive refs/remotes/make-interface-intuitive [3ms]
2024-12-05 18:06:16.500 [info] > git config --get commit.template [16ms]
2024-12-05 18:06:16.526 [info] > git for-each-ref --sort -committerdate --format %(refname) %(objectname) %(*objectname) [4ms]
2024-12-05 18:06:16.532 [info] > git status -z -uall [16ms]
2024-12-05 18:06:39.778 [info] > git config --get commit.template [13ms]
2024-12-05 18:06:39.779 [info] > git for-each-ref --format=%(refname)%00%(upstream:short)%00%(objectname)%00%(upstream:track)%00%(upstream:remotename)%00%(upstream:remoteref) refs/heads/make-interface-intuitive refs/remotes/make-interface-intuitive [4ms]
2024-12-05 18:06:39.792 [info] > git status -z -uall [6ms]
2024-12-05 18:06:39.794 [info] > git for-each-ref --sort -committerdate --format %(refname) %(objectname) %(*objectname) [2ms]
2024-12-05 18:06:44.816 [info] > git config --get commit.template [2ms]
2024-12-05 18:06:44.846 [info] > git for-each-ref --format=%(refname)%00%(upstream:short)%00%(objectname)%00%(upstream:track)%00%(upstream:remotename)%00%(upstream:remoteref) refs/heads/make-interface-intuitive refs/remotes/make-interface-intuitive [1ms]
2024-12-05 18:06:44.864 [info] > git status -z -uall [5ms]
2024-12-05 18:06:44.865 [info] > git for-each-ref --sort -committerdate --format %(refname) %(objectname) %(*objectname) [1ms]
2024-12-05 18:06:49.911 [info] > git config --get commit.template [8ms]
2024-12-05 18:06:49.912 [info] > git for-each-ref --format=%(refname)%00%(upstream:short)%00%(objectname)%00%(upstream:track)%00%(upstream:remotename)%00%(upstream:remoteref) refs/heads/make-interface-intuitive refs/remotes/make-interface-intuitive [1ms]
2024-12-05 18:06:49.924 [info] > git status -z -uall [7ms]
2024-12-05 18:06:49.925 [info] > git for-each-ref --sort -committerdate --format %(refname) %(objectname) %(*objectname) [3ms]
2024-12-05 18:07:20.893 [info] > git config --get commit.template [10ms]
2024-12-05 18:07:20.897 [info] > git for-each-ref --format=%(refname)%00%(upstream:short)%00%(objectname)%00%(upstream:track)%00%(upstream:remotename)%00%(upstream:remoteref) refs/heads/make-interface-intuitive refs/remotes/make-interface-intuitive [7ms]
2024-12-05 18:07:20.914 [info] > git status -z -uall [9ms]
2024-12-05 18:07:20.915 [info] > git for-each-ref --sort -committerdate --format %(refname) %(objectname) %(*objectname) [2ms]
2024-12-05 18:08:00.575 [info] > git config --get commit.template [11ms]
2024-12-05 18:08:00.578 [info] > git for-each-ref --format=%(refname)%00%(upstream:short)%00%(objectname)%00%(upstream:track)%00%(upstream:remotename)%00%(upstream:remoteref) refs/heads/make-interface-intuitive refs/remotes/make-interface-intuitive [4ms]
2024-12-05 18:08:00.594 [info] > git status -z -uall [9ms]
2024-12-05 18:08:00.596 [info] > git for-each-ref --sort -committerdate --format %(refname) %(objectname) %(*objectname) [3ms]
2024-12-05 18:08:17.564 [info] > git config --get commit.template [9ms]
2024-12-05 18:08:17.569 [info] > git for-each-ref --format=%(refname)%00%(upstream:short)%00%(objectname)%00%(upstream:track)%00%(upstream:remotename)%00%(upstream:remoteref) refs/heads/make-interface-intuitive refs/remotes/make-interface-intuitive [8ms]
2024-12-05 18:08:17.582 [info] > git for-each-ref --sort -committerdate --format %(refname) %(objectname) %(*objectname) [3ms]
2024-12-05 18:08:17.584 [info] > git status -z -uall [10ms]
2024-12-05 18:10:37.739 [info] > git config --get commit.template [13ms]
2024-12-05 18:10:37.741 [info] > git for-each-ref --format=%(refname)%00%(upstream:short)%00%(objectname)%00%(upstream:track)%00%(upstream:remotename)%00%(upstream:remoteref) refs/heads/make-interface-intuitive refs/remotes/make-interface-intuitive [4ms]
2024-12-05 18:10:37.753 [info] > git for-each-ref --sort -committerdate --format %(refname) %(objectname) %(*objectname) [2ms]
2024-12-05 18:10:37.756 [info] > git status -z -uall [10ms]
2024-12-05 18:11:44.790 [info] > git config --get commit.template [15ms]
2024-12-05 18:11:44.791 [info] > git for-each-ref --format=%(refname)%00%(upstream:short)%00%(objectname)%00%(upstream:track)%00%(upstream:remotename)%00%(upstream:remoteref) refs/heads/make-interface-intuitive refs/remotes/make-interface-intuitive [11ms]
2024-12-05 18:11:44.805 [info] > git for-each-ref --sort -committerdate --format %(refname) %(objectname) %(*objectname) [5ms]
2024-12-05 18:11:44.809 [info] > git status -z -uall [13ms]
2024-12-05 18:11:51.750 [info] > git config --get commit.template [11ms]
2024-12-05 18:11:51.752 [info] > git for-each-ref --format=%(refname)%00%(upstream:short)%00%(objectname)%00%(upstream:track)%00%(upstream:remotename)%00%(upstream:remoteref) refs/heads/make-interface-intuitive refs/remotes/make-interface-intuitive [10ms]
2024-12-05 18:11:51.763 [info] > git status -z -uall [6ms]
2024-12-05 18:11:51.765 [info] > git for-each-ref --sort -committerdate --format %(refname) %(objectname) %(*objectname) [3ms]
2024-12-05 18:12:39.299 [info] > git config --get commit.template [30ms]
2024-12-05 18:12:39.307 [info] > git for-each-ref --format=%(refname)%00%(upstream:short)%00%(objectname)%00%(upstream:track)%00%(upstream:remotename)%00%(upstream:remoteref) refs/heads/make-interface-intuitive refs/remotes/make-interface-intuitive [25ms]
2024-12-05 18:12:39.320 [info] > git status -z -uall [7ms]
2024-12-05 18:12:39.320 [info] > git for-each-ref --sort -committerdate --format %(refname) %(objectname) %(*objectname) [4ms]
2024-12-05 18:14:56.257 [info] > git check-ignore -v -z --stdin [7ms]
2024-12-05 18:15:00.630 [info] > git ls-files --stage -- /home/heinzketchup/Documents/Musify/lib/screens/settings_page.dart [1ms]
2024-12-05 18:15:00.634 [info] > git show --textconv :lib/screens/settings_page.dart [9ms]
2024-12-05 18:15:00.635 [info] > git cat-file -s 5f25d68326f803f5ff2b0ab5e45f9579aab351d2 [1ms]
2024-12-05 18:15:23.819 [info] > git show --textconv :lib/services/audio_service.dart [11ms]
2024-12-05 18:15:23.819 [info] > git ls-files --stage -- /home/heinzketchup/Documents/Musify/lib/services/audio_service.dart [2ms]
2024-12-05 18:15:23.828 [info] > git cat-file -s 923271a18c909739bfe1cb5f901453baf0bf5bd3 [2ms]
2024-12-05 18:16:03.035 [info] > git config --get commit.template [3ms]
2024-12-05 18:16:03.044 [info] > git for-each-ref --format=%(refname)%00%(upstream:short)%00%(objectname)%00%(upstream:track)%00%(upstream:remotename)%00%(upstream:remoteref) refs/heads/make-interface-intuitive refs/remotes/make-interface-intuitive [2ms]
2024-12-05 18:16:03.058 [info] > git status -z -uall [8ms]
2024-12-05 18:16:03.058 [info] > git for-each-ref --sort -committerdate --format %(refname) %(objectname) %(*objectname) [1ms]
2024-12-05 18:20:20.267 [info] > git show --textconv :lib/widgets/song_bar.dart [14ms]
2024-12-05 18:20:20.268 [info] > git ls-files --stage -- /home/heinzketchup/Documents/Musify/lib/widgets/song_bar.dart [6ms]
2024-12-05 18:20:20.278 [info] > git cat-file -s 691586fe73e3383033997319dccec2b24647a4e2 [2ms]
2024-12-05 18:21:02.995 [info] > git check-ignore -v -z --stdin [2ms]
2024-12-05 18:21:03.895 [info] > git check-ignore -v -z --stdin [1ms]
2024-12-05 18:21:04.418 [info] > git check-ignore -v -z --stdin [1ms]
2024-12-05 18:21:05.025 [info] > git check-ignore -v -z --stdin [1ms]
2024-12-05 18:21:05.748 [info] > git check-ignore -v -z --stdin [1ms]
2024-12-05 18:21:06.291 [info] > git check-ignore -v -z --stdin [0ms]
2024-12-05 18:21:14.829 [info] > git show --textconv :lib/services/audio_service.dart [8ms]
2024-12-05 18:21:14.829 [info] > git ls-files --stage -- /home/heinzketchup/Documents/Musify/lib/services/audio_service.dart [1ms]
2024-12-05 18:21:14.836 [info] > git cat-file -s 923271a18c909739bfe1cb5f901453baf0bf5bd3 [3ms]
2024-12-05 18:21:32.159 [info] > git rev-parse --show-toplevel [2ms]
2024-12-05 18:21:32.159 [info] fatal: not a git repository (or any parent up to mount point /)
Stopping at filesystem boundary (GIT_DISCOVERY_ACROSS_FILESYSTEM not set).
2024-12-05 18:21:47.212 [info] > git show --textconv :lib/services/audio_service.dart [9ms]
2024-12-05 18:21:47.213 [info] > git ls-files --stage -- /home/heinzketchup/Documents/Musify/lib/services/audio_service.dart [2ms]
2024-12-05 18:21:47.219 [info] > git cat-file -s 923271a18c909739bfe1cb5f901453baf0bf5bd3 [1ms]
2024-12-05 18:22:12.347 [info] > git check-ignore -v -z --stdin [1ms]
2024-12-05 18:22:20.487 [info] > git show --textconv :lib/API/musify.dart [0ms]
2024-12-05 18:22:20.496 [info] > git ls-files --stage -- /home/heinzketchup/Documents/Musify/lib/API/musify.dart [0ms]
2024-12-05 18:22:20.501 [info] > git cat-file -s 5d542204af7455cf8352b46a354176a0fba4adf7 [0ms]
2024-12-05 18:22:31.454 [info] > git show --textconv :lib/services/audio_service.dart [8ms]
2024-12-05 18:22:31.455 [info] > git ls-files --stage -- /home/heinzketchup/Documents/Musify/lib/services/audio_service.dart [2ms]
2024-12-05 18:22:31.465 [info] > git cat-file -s 923271a18c909739bfe1cb5f901453baf0bf5bd3 [1ms]
2024-12-05 18:22:47.558 [info] > git show --textconv :lib/widgets/song_bar.dart [6ms]
2024-12-05 18:22:47.559 [info] > git ls-files --stage -- /home/heinzketchup/Documents/Musify/lib/widgets/song_bar.dart [2ms]
2024-12-05 18:22:47.564 [info] > git cat-file -s 691586fe73e3383033997319dccec2b24647a4e2 [0ms]
2024-12-05 18:24:47.134 [info] > git config --get commit.template [4ms]
2024-12-05 18:24:47.145 [info] > git for-each-ref --format=%(refname)%00%(upstream:short)%00%(objectname)%00%(upstream:track)%00%(upstream:remotename)%00%(upstream:remoteref) refs/heads/make-interface-intuitive refs/remotes/make-interface-intuitive [2ms]
2024-12-05 18:24:47.164 [info] > git status -z -uall [10ms]
2024-12-05 18:24:47.165 [info] > git for-each-ref --sort -committerdate --format %(refname) %(objectname) %(*objectname) [2ms]
2024-12-05 18:24:48.244 [info] > git ls-files --stage -- /home/heinzketchup/Documents/Musify/lib/widgets/song_bar.dart [2ms]
2024-12-05 18:24:48.253 [info] > git cat-file -s 691586fe73e3383033997319dccec2b24647a4e2 [4ms]
2024-12-05 18:24:48.261 [info] > git show --textconv :lib/widgets/song_bar.dart [1ms]
2024-12-05 18:24:55.334 [info] > git config --get commit.template [8ms]
2024-12-05 18:24:55.337 [info] > git for-each-ref --format=%(refname)%00%(upstream:short)%00%(objectname)%00%(upstream:track)%00%(upstream:remotename)%00%(upstream:remoteref) refs/heads/make-interface-intuitive refs/remotes/make-interface-intuitive [4ms]
2024-12-05 18:24:55.354 [info] > git for-each-ref --sort -committerdate --format %(refname) %(objectname) %(*objectname) [3ms]
2024-12-05 18:24:55.356 [info] > git status -z -uall [11ms]
2024-12-05 18:25:01.544 [info] > git config --get commit.template [5ms]
2024-12-05 18:25:01.546 [info] > git for-each-ref --format=%(refname)%00%(upstream:short)%00%(objectname)%00%(upstream:track)%00%(upstream:remotename)%00%(upstream:remoteref) refs/heads/make-interface-intuitive refs/remotes/make-interface-intuitive [3ms]
2024-12-05 18:25:01.558 [info] > git for-each-ref --sort -committerdate --format %(refname) %(objectname) %(*objectname) [3ms]
2024-12-05 18:25:01.559 [info] > git status -z -uall [8ms]
2024-12-05 18:25:09.519 [info] > git config --get commit.template [4ms]
2024-12-05 18:25:09.529 [info] > git for-each-ref --format=%(refname)%00%(upstream:short)%00%(objectname)%00%(upstream:track)%00%(upstream:remotename)%00%(upstream:remoteref) refs/heads/make-interface-intuitive refs/remotes/make-interface-intuitive [2ms]
2024-12-05 18:25:09.548 [info] > git status -z -uall [10ms]
2024-12-05 18:25:09.552 [info] > git for-each-ref --sort -committerdate --format %(refname) %(objectname) %(*objectname) [5ms]
2024-12-05 18:26:06.037 [info] > git config --get commit.template [31ms]
2024-12-05 18:26:06.057 [info] > git for-each-ref --format=%(refname)%00%(upstream:short)%00%(objectname)%00%(upstream:track)%00%(upstream:remotename)%00%(upstream:remoteref) refs/heads/make-interface-intuitive refs/remotes/make-interface-intuitive [28ms]
2024-12-05 18:26:06.102 [info] > git for-each-ref --sort -committerdate --format %(refname) %(objectname) %(*objectname) [4ms]
2024-12-05 18:26:06.115 [info] > git status -z -uall [21ms]
2024-12-05 20:19:56.439 [info] > git config --get commit.template [4ms]
2024-12-05 20:19:56.457 [info] > git ls-files --stage -- /home/heinzketchup/Documents/Musify/lib/widgets/song_bar.dart [7ms]
2024-12-05 20:19:56.464 [info] > git for-each-ref --format=%(refname)%00%(upstream:short)%00%(objectname)%00%(upstream:track)%00%(upstream:remotename)%00%(upstream:remoteref) refs/heads/make-interface-intuitive refs/remotes/make-interface-intuitive [9ms]
2024-12-05 20:19:56.475 [info] > git status -z -uall [6ms]
2024-12-05 20:19:56.476 [info] > git cat-file -s 691586fe73e3383033997319dccec2b24647a4e2 [12ms]
2024-12-05 20:19:56.478 [info] > git for-each-ref --sort -committerdate --format %(refname) %(objectname) %(*objectname) [4ms]
2024-12-05 20:19:56.498 [info] > git show --textconv :lib/widgets/song_bar.dart [5ms]
2024-12-05 20:27:45.544 [info] > git ls-files --stage -- /home/heinzketchup/Documents/Musify/lib/widgets/song_bar.dart [5ms]
2024-12-05 20:27:45.550 [info] > git config --get commit.template [22ms]
2024-12-05 20:27:45.557 [info] > git cat-file -s 691586fe73e3383033997319dccec2b24647a4e2 [8ms]
2024-12-05 20:27:45.558 [info] > git for-each-ref --format=%(refname)%00%(upstream:short)%00%(objectname)%00%(upstream:track)%00%(upstream:remotename)%00%(upstream:remoteref) refs/heads/make-interface-intuitive refs/remotes/make-interface-intuitive [2ms]
2024-12-05 20:27:45.576 [info] > git show --textconv :lib/widgets/song_bar.dart [12ms]
2024-12-05 20:27:45.588 [info] > git status -z -uall [6ms]
2024-12-05 20:27:45.592 [info] > git for-each-ref --sort -committerdate --format %(refname) %(objectname) %(*objectname) [5ms]
2024-12-05 20:27:50.621 [info] > git config --get commit.template [2ms]
2024-12-05 20:27:50.632 [info] > git for-each-ref --format=%(refname)%00%(upstream:short)%00%(objectname)%00%(upstream:track)%00%(upstream:remotename)%00%(upstream:remoteref) refs/heads/make-interface-intuitive refs/remotes/make-interface-intuitive [1ms]
2024-12-05 20:27:50.648 [info] > git status -z -uall [10ms]
2024-12-05 20:27:50.648 [info] > git for-each-ref --sort -committerdate --format %(refname) %(objectname) %(*objectname) [3ms]
2024-12-05 20:32:35.232 [info] > git config --get commit.template [8ms]
2024-12-05 20:32:35.233 [info] > git ls-files --stage -- /home/heinzketchup/Documents/Musify/lib/widgets/song_bar.dart [4ms]
2024-12-05 20:32:35.247 [info] > git for-each-ref --format=%(refname)%00%(upstream:short)%00%(objectname)%00%(upstream:track)%00%(upstream:remotename)%00%(upstream:remoteref) refs/heads/make-interface-intuitive refs/remotes/make-interface-intuitive [9ms]
2024-12-05 20:32:35.247 [info] > git cat-file -s 691586fe73e3383033997319dccec2b24647a4e2 [11ms]
2024-12-05 20:32:35.263 [info] > git status -z -uall [11ms]
2024-12-05 20:32:35.270 [info] > git for-each-ref --sort -committerdate --format %(refname) %(objectname) %(*objectname) [8ms]
2024-12-05 20:32:35.279 [info] > git show --textconv :lib/widgets/song_bar.dart [9ms]
2024-12-05 20:34:15.955 [info] > git config --get commit.template [5ms]
2024-12-05 20:34:15.964 [info] > git for-each-ref --format=%(refname)%00%(upstream:short)%00%(objectname)%00%(upstream:track)%00%(upstream:remotename)%00%(upstream:remoteref) refs/heads/make-interface-intuitive refs/remotes/make-interface-intuitive [3ms]
2024-12-05 20:34:15.975 [info] > git status -z -uall [6ms]
2024-12-05 20:34:15.976 [info] > git for-each-ref --sort -committerdate --format %(refname) %(objectname) %(*objectname) [3ms]
2024-12-05 20:38:53.021 [info] > git config --get commit.template [9ms]
2024-12-05 20:38:53.029 [info] > git for-each-ref --format=%(refname)%00%(upstream:short)%00%(objectname)%00%(upstream:track)%00%(upstream:remotename)%00%(upstream:remoteref) refs/heads/make-interface-intuitive refs/remotes/make-interface-intuitive [2ms]
2024-12-05 20:38:53.042 [info] > git status -z -uall [7ms]
2024-12-05 20:38:53.044 [info] > git for-each-ref --sort -committerdate --format %(refname) %(objectname) %(*objectname) [3ms]
2024-12-05 20:38:58.573 [info] > git config --get commit.template [9ms]
2024-12-05 20:38:58.574 [info] > git for-each-ref --format=%(refname)%00%(upstream:short)%00%(objectname)%00%(upstream:track)%00%(upstream:remotename)%00%(upstream:remoteref) refs/heads/make-interface-intuitive refs/remotes/make-interface-intuitive [2ms]
2024-12-05 20:38:58.586 [info] > git status -z -uall [6ms]
2024-12-05 20:38:58.588 [info] > git for-each-ref --sort -committerdate --format %(refname) %(objectname) %(*objectname) [1ms]
2024-12-05 20:43:17.339 [info] > git config --get commit.template [7ms]
2024-12-05 20:43:17.340 [info] > git for-each-ref --format=%(refname)%00%(upstream:short)%00%(objectname)%00%(upstream:track)%00%(upstream:remotename)%00%(upstream:remoteref) refs/heads/make-interface-intuitive refs/remotes/make-interface-intuitive [3ms]
2024-12-05 20:43:17.354 [info] > git status -z -uall [8ms]
2024-12-05 20:43:17.356 [info] > git for-each-ref --sort -committerdate --format %(refname) %(objectname) %(*objectname) [4ms]
2024-12-05 20:43:28.591 [info] > git config --get commit.template [1ms]
2024-12-05 20:43:28.599 [info] > git for-each-ref --format=%(refname)%00%(upstream:short)%00%(objectname)%00%(upstream:track)%00%(upstream:remotename)%00%(upstream:remoteref) refs/heads/make-interface-intuitive refs/remotes/make-interface-intuitive [1ms]
2024-12-05 20:43:28.611 [info] > git status -z -uall [7ms]
2024-12-05 20:43:28.611 [info] > git for-each-ref --sort -committerdate --format %(refname) %(objectname) %(*objectname) [1ms]
2024-12-05 20:44:30.885 [info] > git config --get commit.template [6ms]
2024-12-05 20:44:30.887 [info] > git for-each-ref --format=%(refname)%00%(upstream:short)%00%(objectname)%00%(upstream:track)%00%(upstream:remotename)%00%(upstream:remoteref) refs/heads/make-interface-intuitive refs/remotes/make-interface-intuitive [4ms]
2024-12-05 20:44:30.898 [info] > git status -z -uall [7ms]
2024-12-05 20:44:30.900 [info] > git for-each-ref --sort -committerdate --format %(refname) %(objectname) %(*objectname) [4ms]
2024-12-05 20:46:11.255 [info] > git config --get commit.template [3ms]
2024-12-05 20:46:11.263 [info] > git for-each-ref --format=%(refname)%00%(upstream:short)%00%(objectname)%00%(upstream:track)%00%(upstream:remotename)%00%(upstream:remoteref) refs/heads/make-interface-intuitive refs/remotes/make-interface-intuitive [2ms]
2024-12-05 20:46:11.275 [info] > git status -z -uall [6ms]
2024-12-05 20:46:11.277 [info] > git for-each-ref --sort -committerdate --format %(refname) %(objectname) %(*objectname) [3ms]
2024-12-05 20:55:18.672 [info] > git config --get commit.template [8ms]
2024-12-05 20:55:18.673 [info] > git for-each-ref --format=%(refname)%00%(upstream:short)%00%(objectname)%00%(upstream:track)%00%(upstream:remotename)%00%(upstream:remoteref) refs/heads/make-interface-intuitive refs/remotes/make-interface-intuitive [4ms]
2024-12-05 20:55:18.682 [info] > git status -z -uall [7ms]
2024-12-05 20:55:18.684 [info] > git for-each-ref --sort -committerdate --format %(refname) %(objectname) %(*objectname) [5ms]
2024-12-05 20:56:31.017 [info] > git config --get commit.template [7ms]
2024-12-05 20:56:31.018 [info] > git for-each-ref --format=%(refname)%00%(upstream:short)%00%(objectname)%00%(upstream:track)%00%(upstream:remotename)%00%(upstream:remoteref) refs/heads/make-interface-intuitive refs/remotes/make-interface-intuitive [4ms]
2024-12-05 20:56:31.028 [info] > git for-each-ref --sort -committerdate --format %(refname) %(objectname) %(*objectname) [2ms]
2024-12-05 20:56:31.033 [info] > git status -z -uall [10ms]
2024-12-05 20:56:43.715 [info] > git config --get commit.template [8ms]
2024-12-05 20:56:43.718 [info] > git for-each-ref --format=%(refname)%00%(upstream:short)%00%(objectname)%00%(upstream:track)%00%(upstream:remotename)%00%(upstream:remoteref) refs/heads/make-interface-intuitive refs/remotes/make-interface-intuitive [4ms]
2024-12-05 20:56:43.734 [info] > git status -z -uall [10ms]
2024-12-05 20:56:43.734 [info] > git for-each-ref --sort -committerdate --format %(refname) %(objectname) %(*objectname) [3ms]
2024-12-05 20:57:05.176 [info] > git config --get commit.template [5ms]
2024-12-05 20:57:05.186 [info] > git for-each-ref --format=%(refname)%00%(upstream:short)%00%(objectname)%00%(upstream:track)%00%(upstream:remotename)%00%(upstream:remoteref) refs/heads/make-interface-intuitive refs/remotes/make-interface-intuitive [5ms]
2024-12-05 20:57:05.199 [info] > git for-each-ref --sort -committerdate --format %(refname) %(objectname) %(*objectname) [5ms]
2024-12-05 20:57:05.199 [info] > git status -z -uall [9ms]
2024-12-05 21:03:02.372 [info] > git config --get commit.template [14ms]
2024-12-05 21:03:02.374 [info] > git for-each-ref --format=%(refname)%00%(upstream:short)%00%(objectname)%00%(upstream:track)%00%(upstream:remotename)%00%(upstream:remoteref) refs/heads/make-interface-intuitive refs/remotes/make-interface-intuitive [13ms]
2024-12-05 21:03:02.390 [info] > git status -z -uall [10ms]
2024-12-05 21:03:02.391 [info] > git for-each-ref --sort -committerdate --format %(refname) %(objectname) %(*objectname) [2ms]
2024-12-05 21:04:08.425 [info] > git config --get commit.template [3ms]
2024-12-05 21:04:08.432 [info] > git for-each-ref --format=%(refname)%00%(upstream:short)%00%(objectname)%00%(upstream:track)%00%(upstream:remotename)%00%(upstream:remoteref) refs/heads/make-interface-intuitive refs/remotes/make-interface-intuitive [2ms]
2024-12-05 21:04:08.446 [info] > git status -z -uall [5ms]
2024-12-05 21:04:08.450 [info] > git for-each-ref --sort -committerdate --format %(refname) %(objectname) %(*objectname) [4ms]
2024-12-05 21:05:23.985 [info] > git config --get commit.template [20ms]
2024-12-05 21:05:23.990 [info] > git for-each-ref --format=%(refname)%00%(upstream:short)%00%(objectname)%00%(upstream:track)%00%(upstream:remotename)%00%(upstream:remoteref) refs/heads/make-interface-intuitive refs/remotes/make-interface-intuitive [8ms]
2024-12-05 21:05:24.005 [info] > git status -z -uall [6ms]
2024-12-05 21:05:24.007 [info] > git for-each-ref --sort -committerdate --format %(refname) %(objectname) %(*objectname) [2ms]
