2024-03-24 18:27:00.067 [info] Log level: Info
2024-03-24 18:27:00.067 [info] Validating found git in: "git"
2024-03-24 18:27:00.067 [info] Using git "2.44.0" from "git"
2024-03-24 18:27:00.067 [info] > git rev-parse --show-toplevel [16ms]
2024-03-24 18:27:00.067 [info] fatal: not a git repository (or any parent up to mount point /)
Stopping at filesystem boundary (GIT_DISCOVERY_ACROSS_FILESYSTEM not set).
2024-03-24 18:27:00.092 [info] > git rev-parse --show-toplevel [26ms]
2024-03-24 18:27:00.112 [info] > git rev-parse --git-dir --git-common-dir [16ms]
2024-03-24 18:27:00.117 [info] Open repository: /home/heinrich/Downloads/Waybar
2024-03-24 18:27:00.130 [info] > git rev-parse --show-toplevel [1ms]
2024-03-24 18:27:00.130 [info] fatal: not a git repository (or any parent up to mount point /)
Stopping at filesystem boundary (GIT_DISCOVERY_ACROSS_FILESYSTEM not set).
2024-03-24 18:27:00.131 [info] > git config --get commit.template [5ms]
2024-03-24 18:27:00.139 [info] > git rev-parse --show-toplevel [3ms]
2024-03-24 18:27:00.139 [info] fatal: not a git repository (or any parent up to mount point /)
Stopping at filesystem boundary (GIT_DISCOVERY_ACROSS_FILESYSTEM not set).
2024-03-24 18:27:00.149 [info] > git rev-parse --show-toplevel [5ms]
2024-03-24 18:27:00.155 [info] > git for-each-ref --format=%(refname)%00%(upstream:short)%00%(objectname)%00%(upstream:track)%00%(upstream:remotename)%00%(upstream:remoteref) refs/heads/master refs/remotes/master [17ms]
2024-03-24 18:27:00.169 [warning] ENOENT: no such file or directory, open '/home/heinrich/Downloads/Waybar/.git/refs/remotes/origin/master'
2024-03-24 18:27:00.170 [info] > git rev-parse refs/remotes/origin/master [1ms]
2024-03-24 18:27:00.174 [info] > git rev-parse --git-dir --git-common-dir [13ms]
2024-03-24 18:27:00.177 [info] Open repository: /home/heinrich/Downloads/docs-vim
2024-03-24 18:27:00.213 [info] > git rev-parse --show-toplevel [5ms]
2024-03-24 18:27:00.213 [info] > git config --get commit.template [7ms]
2024-03-24 18:27:00.223 [info] > git rev-parse --git-dir --git-common-dir [4ms]
2024-03-24 18:27:00.226 [info] Open repository: /home/heinrich/Downloads/dotfiles
2024-03-24 18:27:00.240 [info] > git for-each-ref --format=%(refname)%00%(upstream:short)%00%(objectname)%00%(upstream:track)%00%(upstream:remotename)%00%(upstream:remoteref) refs/heads/master refs/remotes/master [17ms]
2024-03-24 18:27:00.244 [warning] ENOENT: no such file or directory, open '/home/heinrich/Downloads/docs-vim/.git/refs/remotes/origin/master'
2024-03-24 18:27:00.245 [info] > git rev-parse --show-toplevel [6ms]
2024-03-24 18:27:00.245 [info] fatal: not a git repository (or any parent up to mount point /)
Stopping at filesystem boundary (GIT_DISCOVERY_ACROSS_FILESYSTEM not set).
2024-03-24 18:27:00.245 [info] > git config --get commit.template [11ms]
2024-03-24 18:27:00.251 [info] > git rev-parse refs/remotes/origin/master [7ms]
2024-03-24 18:27:00.261 [info] > git rev-parse --show-toplevel [10ms]
2024-03-24 18:27:00.261 [info] fatal: not a git repository (or any parent up to mount point /)
Stopping at filesystem boundary (GIT_DISCOVERY_ACROSS_FILESYSTEM not set).
2024-03-24 18:27:00.266 [info] > git status -z -uall [92ms]
2024-03-24 18:27:00.266 [info] > git for-each-ref --format=%(refname)%00%(upstream:short)%00%(objectname)%00%(upstream:track)%00%(upstream:remotename)%00%(upstream:remoteref) refs/heads/main refs/remotes/main [6ms]
2024-03-24 18:27:00.275 [warning] ENOENT: no such file or directory, open '/home/heinrich/Downloads/dotfiles/.git/refs/remotes/origin/main'
2024-03-24 18:27:00.281 [info] > git status -z -uall [25ms]
2024-03-24 18:27:00.281 [info] > git rev-parse --show-toplevel [16ms]
2024-03-24 18:27:00.285 [info] > git config --get commit.template [5ms]
2024-03-24 18:27:00.285 [info] > git rev-parse refs/remotes/origin/main [10ms]
2024-03-24 18:27:00.298 [info] > git rev-parse --git-dir --git-common-dir [14ms]
2024-03-24 18:27:00.300 [info] Open repository: /home/heinrich/Downloads/rofi
2024-03-24 18:27:00.310 [info] > git config --get commit.template [13ms]
2024-03-24 18:27:00.337 [info] > git rev-parse --show-toplevel [27ms]
2024-03-24 18:27:00.337 [info] > git config --get commit.template [29ms]
2024-03-24 18:27:00.337 [info] > git for-each-ref --format=%(refname)%00%(upstream:short)%00%(objectname)%00%(upstream:track)%00%(upstream:remotename)%00%(upstream:remoteref) refs/heads/master refs/remotes/master [32ms]
2024-03-24 18:27:00.363 [warning] ENOENT: no such file or directory, open '/home/heinrich/Downloads/Waybar/.git/refs/remotes/origin/master'
2024-03-24 18:27:00.370 [info] > git rev-parse --git-dir --git-common-dir [12ms]
2024-03-24 18:27:00.375 [info] Open repository: /home/heinrich/Downloads/xserver
2024-03-24 18:27:00.384 [info] > git for-each-ref --format=%(refname)%00%(upstream:short)%00%(objectname)%00%(upstream:track)%00%(upstream:remotename)%00%(upstream:remoteref) refs/heads/master refs/remotes/master [31ms]
2024-03-24 18:27:00.388 [warning] ENOENT: no such file or directory, open '/home/heinrich/Downloads/docs-vim/.git/refs/remotes/origin/master'
2024-03-24 18:27:00.389 [info] > git rev-parse refs/remotes/origin/master [26ms]
2024-03-24 18:27:00.401 [info] > git rev-parse refs/remotes/origin/master [13ms]
2024-03-24 18:27:00.413 [info] > git for-each-ref --format=%(refname)%00%(upstream:short)%00%(objectname)%00%(upstream:track)%00%(upstream:remotename)%00%(upstream:remoteref) refs/heads/next refs/remotes/next [43ms]
2024-03-24 18:27:00.413 [info] > git config --get commit.template [30ms]
2024-03-24 18:27:00.429 [warning] ENOENT: no such file or directory, open '/home/heinrich/Downloads/rofi/.git/refs/remotes/origin/next'
2024-03-24 18:27:00.431 [info] > git rev-parse refs/remotes/origin/next [2ms]
2024-03-24 18:27:00.441 [info] > git for-each-ref --format=%(refname)%00%(upstream:short)%00%(objectname)%00%(upstream:track)%00%(upstream:remotename)%00%(upstream:remoteref) refs/heads/master refs/remotes/master [19ms]
2024-03-24 18:27:00.445 [warning] ENOENT: no such file or directory, open '/home/heinrich/Downloads/xserver/.git/refs/remotes/origin/master'
2024-03-24 18:27:00.447 [info] > git rev-parse refs/remotes/origin/master [2ms]
2024-03-24 18:27:00.462 [info] > git status -z -uall [50ms]
2024-03-24 18:27:00.546 [info] > git status -z -uall [150ms]
2024-03-24 18:27:00.721 [info] > git status -z -uall [430ms]
2024-03-24 18:27:00.752 [info] > git config --get commit.template [8ms]
2024-03-24 18:27:00.759 [info] > git for-each-ref --format=%(refname)%00%(upstream:short)%00%(objectname)%00%(upstream:track)%00%(upstream:remotename)%00%(upstream:remoteref) refs/heads/main refs/remotes/main [2ms]
2024-03-24 18:27:00.762 [warning] ENOENT: no such file or directory, open '/home/heinrich/Downloads/dotfiles/.git/refs/remotes/origin/main'
2024-03-24 18:27:00.763 [info] > git rev-parse refs/remotes/origin/main [1ms]
2024-03-24 18:27:00.859 [info] > git status -z -uall [420ms]
2024-03-24 18:27:00.867 [info] > git config --get commit.template [2ms]
2024-03-24 18:27:00.874 [info] > git for-each-ref --format=%(refname)%00%(upstream:short)%00%(objectname)%00%(upstream:track)%00%(upstream:remotename)%00%(upstream:remoteref) refs/heads/next refs/remotes/next [2ms]
2024-03-24 18:27:00.877 [warning] ENOENT: no such file or directory, open '/home/heinrich/Downloads/rofi/.git/refs/remotes/origin/next'
2024-03-24 18:27:00.879 [info] > git rev-parse refs/remotes/origin/next [1ms]
2024-03-24 18:27:00.937 [info] > git check-ignore -v -z --stdin [31ms]
2024-03-24 18:27:00.939 [info] > git check-ignore -v -z --stdin [25ms]
2024-03-24 18:27:00.940 [info] > git check-ignore -v -z --stdin [16ms]
2024-03-24 18:27:00.940 [info] > git check-ignore -v -z --stdin [12ms]
2024-03-24 18:27:00.950 [info] > git check-ignore -v -z --stdin [15ms]
2024-03-24 18:27:01.043 [info] > git status -z -uall [278ms]
2024-03-24 18:27:01.162 [info] > git status -z -uall [278ms]
2024-03-24 18:27:01.350 [info] > git status -z -uall [898ms]
2024-03-24 18:27:01.367 [info] > git config --get commit.template [2ms]
2024-03-24 18:27:01.373 [info] > git for-each-ref --format=%(refname)%00%(upstream:short)%00%(objectname)%00%(upstream:track)%00%(upstream:remotename)%00%(upstream:remoteref) refs/heads/master refs/remotes/master [1ms]
2024-03-24 18:27:01.377 [warning] ENOENT: no such file or directory, open '/home/heinrich/Downloads/xserver/.git/refs/remotes/origin/master'
2024-03-24 18:27:01.378 [info] > git rev-parse refs/remotes/origin/master [1ms]
2024-03-24 18:27:01.549 [info] > git status -z -uall [167ms]
2024-03-24 18:27:01.665 [warning] Failed to get repository realpath for: "/home/heinrich/Downloads/Waybar/package/archlinux". Error: ENOENT: no such file or directory, realpath '/home/heinrich/Downloads/Waybar/package/archlinux'
2024-03-24 18:27:01.677 [info] > git rev-parse --show-toplevel [1ms]
2024-03-24 18:27:01.682 [info] > git rev-parse --git-dir --git-common-dir [1ms]
2024-03-24 18:27:01.684 [info] Open repository: /home/heinrich/Downloads/docs-vim/docs-plus
2024-03-24 18:27:01.694 [info] > git config --get commit.template [5ms]
2024-03-24 18:27:01.700 [info] > git rev-parse --show-toplevel [7ms]
2024-03-24 18:27:01.707 [info] > git for-each-ref --format %(refname) %(objectname) %(*objectname) refs/tags [9ms]
2024-03-24 18:27:01.715 [info] > git rev-parse --git-dir --git-common-dir [8ms]
2024-03-24 18:27:01.720 [info] Open repository: /home/heinrich/Downloads/rofi/subprojects/libgwater
2024-03-24 18:27:01.732 [info] > git status -z -uall [18ms]
2024-03-24 18:27:01.744 [info] > git rev-parse --show-toplevel [13ms]
2024-03-24 18:27:01.744 [info] > git config --get commit.template [18ms]
2024-03-24 18:27:01.753 [info] > git config --get commit.template [10ms]
2024-03-24 18:27:01.760 [info] > git rev-parse --git-dir --git-common-dir [8ms]
2024-03-24 18:27:01.764 [info] Open repository: /home/heinrich/Downloads/rofi/subprojects/libnkutils
2024-03-24 18:27:01.780 [info] > git for-each-ref --format %(refname) %(objectname) %(*objectname) refs/tags [19ms]
2024-03-24 18:27:01.790 [info] > git config --get commit.template [11ms]
2024-03-24 18:27:01.790 [info] > git for-each-ref --format %(refname) %(objectname) %(*objectname) refs/tags [18ms]
2024-03-24 18:27:01.798 [info] > git status -z -uall [10ms]
2024-03-24 18:27:01.798 [info] > git status -z -uall [3ms]
2024-03-24 18:27:01.814 [info] > git for-each-ref --format %(refname) %(objectname) %(*objectname) refs/tags [4ms]
2024-03-24 18:27:01.819 [info] > git config --get commit.template [4ms]
2024-03-24 18:27:01.824 [info] > git status -z -uall [7ms]
2024-03-24 18:27:01.829 [info] > git for-each-ref --format %(refname) %(objectname) %(*objectname) refs/tags [6ms]
2024-03-24 18:27:01.834 [info] > git status -z -uall [2ms]
2024-03-24 18:27:01.835 [info] > git config --get commit.template [6ms]
2024-03-24 18:27:01.839 [info] > git for-each-ref --format %(refname) %(objectname) %(*objectname) refs/tags [0ms]
2024-03-24 18:27:01.853 [info] > git status -z -uall [4ms]
2024-03-24 18:27:03.419 [info] > git check-ignore -v -z --stdin [14ms]
2024-03-24 18:27:03.420 [info] > git check-ignore -v -z --stdin [12ms]
2024-03-24 18:27:03.420 [info] > git check-ignore -v -z --stdin [7ms]
2024-03-24 18:27:03.420 [info] > git check-ignore -v -z --stdin [4ms]
2024-03-24 18:27:03.420 [info] > git check-ignore -v -z --stdin [1ms]
