2024-04-01 14:24:23.225 [error] [uncaught exception in sharedProcess]: Event not found: onDidChange: CodeExpectedError: Event not found: onDidChange
    at Object.listen (/usr/share/code-insiders/resources/app/out/vs/code/node/sharedProcess/sharedProcessMain.js:45:4960)
    at E.t (/usr/share/code-insiders/resources/app/out/vs/code/node/sharedProcess/sharedProcessMain.js:44:251)
    at E.q (/usr/share/code-insiders/resources/app/out/vs/code/node/sharedProcess/sharedProcessMain.js:43:4371)
    at y.value (/usr/share/code-insiders/resources/app/out/vs/code/node/sharedProcess/sharedProcessMain.js:43:3602)
    at d.y (/usr/share/code-insiders/resources/app/out/vs/code/node/sharedProcess/sharedProcessMain.js:38:1902)
    at d.z (/usr/share/code-insiders/resources/app/out/vs/code/node/sharedProcess/sharedProcessMain.js:38:1972)
    at d.fire (/usr/share/code-insiders/resources/app/out/vs/code/node/sharedProcess/sharedProcessMain.js:38:2188)
    at MessagePortMain.fe (/usr/share/code-insiders/resources/app/out/vs/code/node/sharedProcess/sharedProcessMain.js:36:30382)
    at MessagePortMain.emit (node:events:514:28)
    at Object.emit (node:electron/js2c/utility_init:2:2285)
2024-04-01 14:24:26.563 [info] Getting Manifest... ms-vscode-remote.remote-containers
2024-04-01 14:24:26.680 [info] Installing extension: ms-vscode-remote.remote-containers
2024-04-01 14:24:27.891 [info] Extension signature is verified: ms-vscode-remote.remote-containers
2024-04-01 14:24:28.236 [info] Extracted extension to file:///home/heinrich/.vscode-insiders/extensions/ms-vscode-remote.remote-containers-0.353.0: ms-vscode-remote.remote-containers
2024-04-01 14:24:28.242 [info] Renamed to /home/heinrich/.vscode-insiders/extensions/ms-vscode-remote.remote-containers-0.353.0
2024-04-01 14:24:28.246 [info] Extracting extension completed. ms-vscode-remote.remote-containers
2024-04-01 14:24:28.262 [info] Extension installed successfully: ms-vscode-remote.remote-containers
2024-04-01 14:24:28.275 [info] Marked extension as uninstalled ms-vscode-remote.remote-containers-0.352.0
2024-04-01 14:24:28.330 [error] [uncaught exception in sharedProcess]: Error: ENOENT: no such file or directory, stat '/home/heinrich/.vscode-insiders/extensions/extensions.json.vsctmp': EntryNotFound (FileSystemError): Error: ENOENT: no such file or directory, stat '/home/heinrich/.vscode-insiders/extensions/extensions.json.vsctmp'
    at r.create (/usr/share/code-insiders/resources/app/out/vs/code/node/sharedProcess/sharedProcessMain.js:51:30083)
    at a (/usr/share/code-insiders/resources/app/out/vs/code/node/sharedProcess/sharedProcessMain.js:51:30198)
    at i.fb (/usr/share/code-insiders/resources/app/out/vs/code/node/sharedProcess/sharedProcessMain.js:56:36631)
    at i.stat (/usr/share/code-insiders/resources/app/out/vs/code/node/sharedProcess/sharedProcessMain.js:56:29077)
    at async v.stat (/usr/share/code-insiders/resources/app/out/vs/code/node/sharedProcess/sharedProcessMain.js:56:16223)
    at async Q.sb (/usr/share/code-insiders/resources/app/out/vs/code/node/sharedProcess/sharedProcessMain.js:102:107729)
