2024-03-24 18:26:59.818 [info] Extension host with pid 2677663 started
2024-03-24 18:26:59.818 [info] Skipping acquiring lock for /home/heinrich/.config/Code - Insiders/User/workspaceStorage/a865425b8c79b062ff4757126d5ac8a7.
2024-03-24 18:26:59.911 [info] ExtensionService#_doActivateExtension vscode.git-base, startup: true, activationEvent: '*'
2024-03-24 18:26:59.927 [info] ExtensionService#_doActivateExtension vscode.github, startup: true, activationEvent: '*'
2024-03-24 18:26:59.936 [info] ExtensionService#_doActivateExtension vscode.git, startup: false, activationEvent: '*'
2024-03-24 18:26:59.960 [info] Eager extensions activated
2024-03-24 18:26:59.979 [info] ExtensionService#_doActivateExtension vscode.debug-auto-launch, startup: false, activationEvent: 'onStartupFinished'
2024-03-24 18:26:59.981 [info] ExtensionService#_doActivateExtension vscode.merge-conflict, startup: false, activationEvent: 'onStartupFinished'
2024-03-24 18:26:59.986 [info] ExtensionService#_doActivateExtension ms-vscode-remote.remote-containers, startup: false, activationEvent: 'onStartupFinished'
2024-03-24 18:27:00.009 [info] ExtensionService#_doActivateExtension vscodevim.vim, startup: false, activationEvent: 'onStartupFinished'
2024-03-24 18:27:00.310 [info] ExtensionService#_doActivateExtension vscode.github-authentication, startup: false, activationEvent: 'onAuthenticationRequest:github'
2024-03-24 18:27:01.062 [error] Error: ENOENT: no such file or directory, open '/home/heinrich/.config/Code - Insiders/User/globalStorage/vscodevim.vim/.registers'
2024-03-24 18:27:09.562 [info] ExtensionService#_doActivateExtension vscode.media-preview, startup: false, activationEvent: 'onCustomEditor:vscode.audioPreview'
2024-03-24 18:27:31.334 [info] Extension host terminating: renderer closed the MessagePort
2024-03-24 18:27:31.346 [error] Canceled: Canceled
	at new h (/usr/share/code-insiders/resources/app/out/vs/workbench/api/node/extensionHostProcess.js:140:45184)
	at d.U (/usr/share/code-insiders/resources/app/out/vs/workbench/api/node/extensionHostProcess.js:147:5556)
	at j.<computed>.F.charCodeAt.j.<computed> (/usr/share/code-insiders/resources/app/out/vs/workbench/api/node/extensionHostProcess.js:147:3007)
	at o.g (/usr/share/code-insiders/resources/app/out/vs/workbench/api/node/extensionHostProcess.js:150:174456)
	at o.executeCommand (/usr/share/code-insiders/resources/app/out/vs/workbench/api/node/extensionHostProcess.js:150:173894)
	at f.registerCommand.description (/usr/share/code-insiders/resources/app/out/vs/workbench/api/node/extensionHostProcess.js:150:173218)
	at o.h (/usr/share/code-insiders/resources/app/out/vs/workbench/api/node/extensionHostProcess.js:150:174995)
	at o.g (/usr/share/code-insiders/resources/app/out/vs/workbench/api/node/extensionHostProcess.js:150:173987)
	at o.executeCommand (/usr/share/code-insiders/resources/app/out/vs/workbench/api/node/extensionHostProcess.js:150:173894)
	at Object.executeCommand (/usr/share/code-insiders/resources/app/out/vs/workbench/api/node/extensionHostProcess.js:160:21632)
	at m.I [as value] (/usr/share/code-insiders/resources/app/extensions/git/dist/main.js:2:926663)
	at n.y (/usr/share/code-insiders/resources/app/out/vs/workbench/api/node/extensionHostProcess.js:80:1902)
	at n.z (/usr/share/code-insiders/resources/app/out/vs/workbench/api/node/extensionHostProcess.js:80:1972)
	at n.fire (/usr/share/code-insiders/resources/app/out/vs/workbench/api/node/extensionHostProcess.js:80:2188)
	at Object.m [as dispose] (/usr/share/code-insiders/resources/app/extensions/git/dist/main.js:2:942455)
	at /usr/share/code-insiders/resources/app/extensions/git/dist/main.js:2:947311
	at Array.forEach (<anonymous>)
	at p.dispose (/usr/share/code-insiders/resources/app/extensions/git/dist/main.js:2:947297)
	at c.<anonymous> (/usr/share/code-insiders/resources/app/out/vs/workbench/api/node/extensionHostProcess.js:148:3650)
	at c.dispose (/usr/share/code-insiders/resources/app/out/vs/workbench/api/node/extensionHostProcess.js:148:3747)
	at c.<anonymous> (/usr/share/code-insiders/resources/app/extensions/git/dist/main.js:2:928675)
	at c.dispose (/usr/share/code-insiders/resources/app/out/vs/workbench/api/node/extensionHostProcess.js:148:3747)
	at a (/usr/share/code-insiders/resources/app/out/vs/workbench/api/node/extensionHostProcess.js:30:754)
	at m.cb (/usr/share/code-insiders/resources/app/out/vs/workbench/api/node/extensionHostProcess.js:156:9877)
	at /usr/share/code-insiders/resources/app/out/vs/workbench/api/node/extensionHostProcess.js:156:7812
	at Array.map (<anonymous>)
	at m.Y (/usr/share/code-insiders/resources/app/out/vs/workbench/api/node/extensionHostProcess.js:156:7799)
	at m.terminate (/usr/share/code-insiders/resources/app/out/vs/workbench/api/node/extensionHostProcess.js:156:8072)
	at a.terminate (/usr/share/code-insiders/resources/app/out/vs/workbench/api/node/extensionHostProcess.js:160:1513)
	at t (/usr/share/code-insiders/resources/app/out/vs/workbench/api/node/extensionHostProcess.js:173:9946)
	at MessagePortMain.<anonymous> (/usr/share/code-insiders/resources/app/out/vs/workbench/api/node/extensionHostProcess.js:173:6371)
	at MessagePortMain.emit (node:events:514:28)
	at Object.emit (node:electron/js2c/utility_init:2:2285) setContext undefined
2024-03-24 18:27:31.346 [error] Canceled: Canceled
	at new h (/usr/share/code-insiders/resources/app/out/vs/workbench/api/node/extensionHostProcess.js:140:45184)
	at d.U (/usr/share/code-insiders/resources/app/out/vs/workbench/api/node/extensionHostProcess.js:147:5556)
	at j.<computed>.F.charCodeAt.j.<computed> (/usr/share/code-insiders/resources/app/out/vs/workbench/api/node/extensionHostProcess.js:147:3007)
	at o.g (/usr/share/code-insiders/resources/app/out/vs/workbench/api/node/extensionHostProcess.js:150:174456)
	at o.executeCommand (/usr/share/code-insiders/resources/app/out/vs/workbench/api/node/extensionHostProcess.js:150:173894)
	at f.registerCommand.description (/usr/share/code-insiders/resources/app/out/vs/workbench/api/node/extensionHostProcess.js:150:173218)
	at o.h (/usr/share/code-insiders/resources/app/out/vs/workbench/api/node/extensionHostProcess.js:150:174995)
	at o.g (/usr/share/code-insiders/resources/app/out/vs/workbench/api/node/extensionHostProcess.js:150:173987)
	at o.executeCommand (/usr/share/code-insiders/resources/app/out/vs/workbench/api/node/extensionHostProcess.js:150:173894)
	at Object.executeCommand (/usr/share/code-insiders/resources/app/out/vs/workbench/api/node/extensionHostProcess.js:160:21632)
	at m.I [as value] (/usr/share/code-insiders/resources/app/extensions/git/dist/main.js:2:926663)
	at n.y (/usr/share/code-insiders/resources/app/out/vs/workbench/api/node/extensionHostProcess.js:80:1902)
	at n.z (/usr/share/code-insiders/resources/app/out/vs/workbench/api/node/extensionHostProcess.js:80:1972)
	at n.fire (/usr/share/code-insiders/resources/app/out/vs/workbench/api/node/extensionHostProcess.js:80:2188)
	at Object.m [as dispose] (/usr/share/code-insiders/resources/app/extensions/git/dist/main.js:2:942455)
	at /usr/share/code-insiders/resources/app/extensions/git/dist/main.js:2:947311
	at Array.forEach (<anonymous>)
	at p.dispose (/usr/share/code-insiders/resources/app/extensions/git/dist/main.js:2:947297)
	at c.<anonymous> (/usr/share/code-insiders/resources/app/out/vs/workbench/api/node/extensionHostProcess.js:148:3650)
	at c.dispose (/usr/share/code-insiders/resources/app/out/vs/workbench/api/node/extensionHostProcess.js:148:3747)
	at c.<anonymous> (/usr/share/code-insiders/resources/app/extensions/git/dist/main.js:2:928675)
	at c.dispose (/usr/share/code-insiders/resources/app/out/vs/workbench/api/node/extensionHostProcess.js:148:3747)
	at a (/usr/share/code-insiders/resources/app/out/vs/workbench/api/node/extensionHostProcess.js:30:754)
	at m.cb (/usr/share/code-insiders/resources/app/out/vs/workbench/api/node/extensionHostProcess.js:156:9877)
	at /usr/share/code-insiders/resources/app/out/vs/workbench/api/node/extensionHostProcess.js:156:7812
	at Array.map (<anonymous>)
	at m.Y (/usr/share/code-insiders/resources/app/out/vs/workbench/api/node/extensionHostProcess.js:156:7799)
	at m.terminate (/usr/share/code-insiders/resources/app/out/vs/workbench/api/node/extensionHostProcess.js:156:8072)
	at a.terminate (/usr/share/code-insiders/resources/app/out/vs/workbench/api/node/extensionHostProcess.js:160:1513)
	at t (/usr/share/code-insiders/resources/app/out/vs/workbench/api/node/extensionHostProcess.js:173:9946)
	at MessagePortMain.<anonymous> (/usr/share/code-insiders/resources/app/out/vs/workbench/api/node/extensionHostProcess.js:173:6371)
	at MessagePortMain.emit (node:events:514:28)
	at Object.emit (node:electron/js2c/utility_init:2:2285) setContext undefined
2024-03-24 18:27:31.346 [error] Canceled: Canceled
	at new h (/usr/share/code-insiders/resources/app/out/vs/workbench/api/node/extensionHostProcess.js:140:45184)
	at d.U (/usr/share/code-insiders/resources/app/out/vs/workbench/api/node/extensionHostProcess.js:147:5556)
	at j.<computed>.F.charCodeAt.j.<computed> (/usr/share/code-insiders/resources/app/out/vs/workbench/api/node/extensionHostProcess.js:147:3007)
	at o.g (/usr/share/code-insiders/resources/app/out/vs/workbench/api/node/extensionHostProcess.js:150:174456)
	at o.executeCommand (/usr/share/code-insiders/resources/app/out/vs/workbench/api/node/extensionHostProcess.js:150:173894)
	at f.registerCommand.description (/usr/share/code-insiders/resources/app/out/vs/workbench/api/node/extensionHostProcess.js:150:173218)
	at o.h (/usr/share/code-insiders/resources/app/out/vs/workbench/api/node/extensionHostProcess.js:150:174995)
	at o.g (/usr/share/code-insiders/resources/app/out/vs/workbench/api/node/extensionHostProcess.js:150:173987)
	at o.executeCommand (/usr/share/code-insiders/resources/app/out/vs/workbench/api/node/extensionHostProcess.js:150:173894)
	at Object.executeCommand (/usr/share/code-insiders/resources/app/out/vs/workbench/api/node/extensionHostProcess.js:160:21632)
	at m.I [as value] (/usr/share/code-insiders/resources/app/extensions/git/dist/main.js:2:926663)
	at n.y (/usr/share/code-insiders/resources/app/out/vs/workbench/api/node/extensionHostProcess.js:80:1902)
	at n.z (/usr/share/code-insiders/resources/app/out/vs/workbench/api/node/extensionHostProcess.js:80:1972)
	at n.fire (/usr/share/code-insiders/resources/app/out/vs/workbench/api/node/extensionHostProcess.js:80:2188)
	at Object.m [as dispose] (/usr/share/code-insiders/resources/app/extensions/git/dist/main.js:2:942455)
	at /usr/share/code-insiders/resources/app/extensions/git/dist/main.js:2:947311
	at Array.forEach (<anonymous>)
	at p.dispose (/usr/share/code-insiders/resources/app/extensions/git/dist/main.js:2:947297)
	at c.<anonymous> (/usr/share/code-insiders/resources/app/out/vs/workbench/api/node/extensionHostProcess.js:148:3650)
	at c.dispose (/usr/share/code-insiders/resources/app/out/vs/workbench/api/node/extensionHostProcess.js:148:3747)
	at c.<anonymous> (/usr/share/code-insiders/resources/app/extensions/git/dist/main.js:2:928675)
	at c.dispose (/usr/share/code-insiders/resources/app/out/vs/workbench/api/node/extensionHostProcess.js:148:3747)
	at a (/usr/share/code-insiders/resources/app/out/vs/workbench/api/node/extensionHostProcess.js:30:754)
	at m.cb (/usr/share/code-insiders/resources/app/out/vs/workbench/api/node/extensionHostProcess.js:156:9877)
	at /usr/share/code-insiders/resources/app/out/vs/workbench/api/node/extensionHostProcess.js:156:7812
	at Array.map (<anonymous>)
	at m.Y (/usr/share/code-insiders/resources/app/out/vs/workbench/api/node/extensionHostProcess.js:156:7799)
	at m.terminate (/usr/share/code-insiders/resources/app/out/vs/workbench/api/node/extensionHostProcess.js:156:8072)
	at a.terminate (/usr/share/code-insiders/resources/app/out/vs/workbench/api/node/extensionHostProcess.js:160:1513)
	at t (/usr/share/code-insiders/resources/app/out/vs/workbench/api/node/extensionHostProcess.js:173:9946)
	at MessagePortMain.<anonymous> (/usr/share/code-insiders/resources/app/out/vs/workbench/api/node/extensionHostProcess.js:173:6371)
	at MessagePortMain.emit (node:events:514:28)
	at Object.emit (node:electron/js2c/utility_init:2:2285) setContext undefined
2024-03-24 18:27:31.346 [error] Canceled: Canceled
	at new h (/usr/share/code-insiders/resources/app/out/vs/workbench/api/node/extensionHostProcess.js:140:45184)
	at d.U (/usr/share/code-insiders/resources/app/out/vs/workbench/api/node/extensionHostProcess.js:147:5556)
	at j.<computed>.F.charCodeAt.j.<computed> (/usr/share/code-insiders/resources/app/out/vs/workbench/api/node/extensionHostProcess.js:147:3007)
	at o.g (/usr/share/code-insiders/resources/app/out/vs/workbench/api/node/extensionHostProcess.js:150:174456)
	at o.executeCommand (/usr/share/code-insiders/resources/app/out/vs/workbench/api/node/extensionHostProcess.js:150:173894)
	at f.registerCommand.description (/usr/share/code-insiders/resources/app/out/vs/workbench/api/node/extensionHostProcess.js:150:173218)
	at o.h (/usr/share/code-insiders/resources/app/out/vs/workbench/api/node/extensionHostProcess.js:150:174995)
	at o.g (/usr/share/code-insiders/resources/app/out/vs/workbench/api/node/extensionHostProcess.js:150:173987)
	at o.executeCommand (/usr/share/code-insiders/resources/app/out/vs/workbench/api/node/extensionHostProcess.js:150:173894)
	at Object.executeCommand (/usr/share/code-insiders/resources/app/out/vs/workbench/api/node/extensionHostProcess.js:160:21632)
	at m.I [as value] (/usr/share/code-insiders/resources/app/extensions/git/dist/main.js:2:926663)
	at n.y (/usr/share/code-insiders/resources/app/out/vs/workbench/api/node/extensionHostProcess.js:80:1902)
	at n.z (/usr/share/code-insiders/resources/app/out/vs/workbench/api/node/extensionHostProcess.js:80:1972)
	at n.fire (/usr/share/code-insiders/resources/app/out/vs/workbench/api/node/extensionHostProcess.js:80:2188)
	at Object.m [as dispose] (/usr/share/code-insiders/resources/app/extensions/git/dist/main.js:2:942455)
	at /usr/share/code-insiders/resources/app/extensions/git/dist/main.js:2:947311
	at Array.forEach (<anonymous>)
	at p.dispose (/usr/share/code-insiders/resources/app/extensions/git/dist/main.js:2:947297)
	at c.<anonymous> (/usr/share/code-insiders/resources/app/out/vs/workbench/api/node/extensionHostProcess.js:148:3650)
	at c.dispose (/usr/share/code-insiders/resources/app/out/vs/workbench/api/node/extensionHostProcess.js:148:3747)
	at c.<anonymous> (/usr/share/code-insiders/resources/app/extensions/git/dist/main.js:2:928675)
	at c.dispose (/usr/share/code-insiders/resources/app/out/vs/workbench/api/node/extensionHostProcess.js:148:3747)
	at a (/usr/share/code-insiders/resources/app/out/vs/workbench/api/node/extensionHostProcess.js:30:754)
	at m.cb (/usr/share/code-insiders/resources/app/out/vs/workbench/api/node/extensionHostProcess.js:156:9877)
	at /usr/share/code-insiders/resources/app/out/vs/workbench/api/node/extensionHostProcess.js:156:7812
	at Array.map (<anonymous>)
	at m.Y (/usr/share/code-insiders/resources/app/out/vs/workbench/api/node/extensionHostProcess.js:156:7799)
	at m.terminate (/usr/share/code-insiders/resources/app/out/vs/workbench/api/node/extensionHostProcess.js:156:8072)
	at a.terminate (/usr/share/code-insiders/resources/app/out/vs/workbench/api/node/extensionHostProcess.js:160:1513)
	at t (/usr/share/code-insiders/resources/app/out/vs/workbench/api/node/extensionHostProcess.js:173:9946)
	at MessagePortMain.<anonymous> (/usr/share/code-insiders/resources/app/out/vs/workbench/api/node/extensionHostProcess.js:173:6371)
	at MessagePortMain.emit (node:events:514:28)
	at Object.emit (node:electron/js2c/utility_init:2:2285) setContext undefined
2024-03-24 18:27:31.346 [error] Canceled: Canceled
	at new h (/usr/share/code-insiders/resources/app/out/vs/workbench/api/node/extensionHostProcess.js:140:45184)
	at d.U (/usr/share/code-insiders/resources/app/out/vs/workbench/api/node/extensionHostProcess.js:147:5556)
	at j.<computed>.F.charCodeAt.j.<computed> (/usr/share/code-insiders/resources/app/out/vs/workbench/api/node/extensionHostProcess.js:147:3007)
	at o.g (/usr/share/code-insiders/resources/app/out/vs/workbench/api/node/extensionHostProcess.js:150:174456)
	at o.executeCommand (/usr/share/code-insiders/resources/app/out/vs/workbench/api/node/extensionHostProcess.js:150:173894)
	at f.registerCommand.description (/usr/share/code-insiders/resources/app/out/vs/workbench/api/node/extensionHostProcess.js:150:173218)
	at o.h (/usr/share/code-insiders/resources/app/out/vs/workbench/api/node/extensionHostProcess.js:150:174995)
	at o.g (/usr/share/code-insiders/resources/app/out/vs/workbench/api/node/extensionHostProcess.js:150:173987)
	at o.executeCommand (/usr/share/code-insiders/resources/app/out/vs/workbench/api/node/extensionHostProcess.js:150:173894)
	at Object.executeCommand (/usr/share/code-insiders/resources/app/out/vs/workbench/api/node/extensionHostProcess.js:160:21632)
	at m.I [as value] (/usr/share/code-insiders/resources/app/extensions/git/dist/main.js:2:926663)
	at n.y (/usr/share/code-insiders/resources/app/out/vs/workbench/api/node/extensionHostProcess.js:80:1902)
	at n.z (/usr/share/code-insiders/resources/app/out/vs/workbench/api/node/extensionHostProcess.js:80:1972)
	at n.fire (/usr/share/code-insiders/resources/app/out/vs/workbench/api/node/extensionHostProcess.js:80:2188)
	at Object.m [as dispose] (/usr/share/code-insiders/resources/app/extensions/git/dist/main.js:2:942455)
	at /usr/share/code-insiders/resources/app/extensions/git/dist/main.js:2:947311
	at Array.forEach (<anonymous>)
	at p.dispose (/usr/share/code-insiders/resources/app/extensions/git/dist/main.js:2:947297)
	at c.<anonymous> (/usr/share/code-insiders/resources/app/out/vs/workbench/api/node/extensionHostProcess.js:148:3650)
	at c.dispose (/usr/share/code-insiders/resources/app/out/vs/workbench/api/node/extensionHostProcess.js:148:3747)
	at c.<anonymous> (/usr/share/code-insiders/resources/app/extensions/git/dist/main.js:2:928675)
	at c.dispose (/usr/share/code-insiders/resources/app/out/vs/workbench/api/node/extensionHostProcess.js:148:3747)
	at a (/usr/share/code-insiders/resources/app/out/vs/workbench/api/node/extensionHostProcess.js:30:754)
	at m.cb (/usr/share/code-insiders/resources/app/out/vs/workbench/api/node/extensionHostProcess.js:156:9877)
	at /usr/share/code-insiders/resources/app/out/vs/workbench/api/node/extensionHostProcess.js:156:7812
	at Array.map (<anonymous>)
	at m.Y (/usr/share/code-insiders/resources/app/out/vs/workbench/api/node/extensionHostProcess.js:156:7799)
	at m.terminate (/usr/share/code-insiders/resources/app/out/vs/workbench/api/node/extensionHostProcess.js:156:8072)
	at a.terminate (/usr/share/code-insiders/resources/app/out/vs/workbench/api/node/extensionHostProcess.js:160:1513)
	at t (/usr/share/code-insiders/resources/app/out/vs/workbench/api/node/extensionHostProcess.js:173:9946)
	at MessagePortMain.<anonymous> (/usr/share/code-insiders/resources/app/out/vs/workbench/api/node/extensionHostProcess.js:173:6371)
	at MessagePortMain.emit (node:events:514:28)
	at Object.emit (node:electron/js2c/utility_init:2:2285) setContext undefined
2024-03-24 18:27:31.347 [error] Canceled: Canceled
	at new h (/usr/share/code-insiders/resources/app/out/vs/workbench/api/node/extensionHostProcess.js:140:45184)
	at d.U (/usr/share/code-insiders/resources/app/out/vs/workbench/api/node/extensionHostProcess.js:147:5556)
	at j.<computed>.F.charCodeAt.j.<computed> (/usr/share/code-insiders/resources/app/out/vs/workbench/api/node/extensionHostProcess.js:147:3007)
	at o.g (/usr/share/code-insiders/resources/app/out/vs/workbench/api/node/extensionHostProcess.js:150:174456)
	at o.executeCommand (/usr/share/code-insiders/resources/app/out/vs/workbench/api/node/extensionHostProcess.js:150:173894)
	at f.registerCommand.description (/usr/share/code-insiders/resources/app/out/vs/workbench/api/node/extensionHostProcess.js:150:173218)
	at o.h (/usr/share/code-insiders/resources/app/out/vs/workbench/api/node/extensionHostProcess.js:150:174995)
	at o.g (/usr/share/code-insiders/resources/app/out/vs/workbench/api/node/extensionHostProcess.js:150:173987)
	at o.executeCommand (/usr/share/code-insiders/resources/app/out/vs/workbench/api/node/extensionHostProcess.js:150:173894)
	at Object.executeCommand (/usr/share/code-insiders/resources/app/out/vs/workbench/api/node/extensionHostProcess.js:160:21632)
	at m.I [as value] (/usr/share/code-insiders/resources/app/extensions/git/dist/main.js:2:926663)
	at n.y (/usr/share/code-insiders/resources/app/out/vs/workbench/api/node/extensionHostProcess.js:80:1902)
	at n.z (/usr/share/code-insiders/resources/app/out/vs/workbench/api/node/extensionHostProcess.js:80:1972)
	at n.fire (/usr/share/code-insiders/resources/app/out/vs/workbench/api/node/extensionHostProcess.js:80:2188)
	at Object.m [as dispose] (/usr/share/code-insiders/resources/app/extensions/git/dist/main.js:2:942455)
	at /usr/share/code-insiders/resources/app/extensions/git/dist/main.js:2:947311
	at Array.forEach (<anonymous>)
	at p.dispose (/usr/share/code-insiders/resources/app/extensions/git/dist/main.js:2:947297)
	at c.<anonymous> (/usr/share/code-insiders/resources/app/out/vs/workbench/api/node/extensionHostProcess.js:148:3650)
	at c.dispose (/usr/share/code-insiders/resources/app/out/vs/workbench/api/node/extensionHostProcess.js:148:3747)
	at c.<anonymous> (/usr/share/code-insiders/resources/app/extensions/git/dist/main.js:2:928675)
	at c.dispose (/usr/share/code-insiders/resources/app/out/vs/workbench/api/node/extensionHostProcess.js:148:3747)
	at a (/usr/share/code-insiders/resources/app/out/vs/workbench/api/node/extensionHostProcess.js:30:754)
	at m.cb (/usr/share/code-insiders/resources/app/out/vs/workbench/api/node/extensionHostProcess.js:156:9877)
	at /usr/share/code-insiders/resources/app/out/vs/workbench/api/node/extensionHostProcess.js:156:7812
	at Array.map (<anonymous>)
	at m.Y (/usr/share/code-insiders/resources/app/out/vs/workbench/api/node/extensionHostProcess.js:156:7799)
	at m.terminate (/usr/share/code-insiders/resources/app/out/vs/workbench/api/node/extensionHostProcess.js:156:8072)
	at a.terminate (/usr/share/code-insiders/resources/app/out/vs/workbench/api/node/extensionHostProcess.js:160:1513)
	at t (/usr/share/code-insiders/resources/app/out/vs/workbench/api/node/extensionHostProcess.js:173:9946)
	at MessagePortMain.<anonymous> (/usr/share/code-insiders/resources/app/out/vs/workbench/api/node/extensionHostProcess.js:173:6371)
	at MessagePortMain.emit (node:events:514:28)
	at Object.emit (node:electron/js2c/utility_init:2:2285) setContext undefined
2024-03-24 18:27:31.347 [error] Canceled: Canceled
	at new h (/usr/share/code-insiders/resources/app/out/vs/workbench/api/node/extensionHostProcess.js:140:45184)
	at d.U (/usr/share/code-insiders/resources/app/out/vs/workbench/api/node/extensionHostProcess.js:147:5556)
	at j.<computed>.F.charCodeAt.j.<computed> (/usr/share/code-insiders/resources/app/out/vs/workbench/api/node/extensionHostProcess.js:147:3007)
	at o.g (/usr/share/code-insiders/resources/app/out/vs/workbench/api/node/extensionHostProcess.js:150:174456)
	at o.executeCommand (/usr/share/code-insiders/resources/app/out/vs/workbench/api/node/extensionHostProcess.js:150:173894)
	at f.registerCommand.description (/usr/share/code-insiders/resources/app/out/vs/workbench/api/node/extensionHostProcess.js:150:173218)
	at o.h (/usr/share/code-insiders/resources/app/out/vs/workbench/api/node/extensionHostProcess.js:150:174995)
	at o.g (/usr/share/code-insiders/resources/app/out/vs/workbench/api/node/extensionHostProcess.js:150:173987)
	at o.executeCommand (/usr/share/code-insiders/resources/app/out/vs/workbench/api/node/extensionHostProcess.js:150:173894)
	at Object.executeCommand (/usr/share/code-insiders/resources/app/out/vs/workbench/api/node/extensionHostProcess.js:160:21632)
	at m.I [as value] (/usr/share/code-insiders/resources/app/extensions/git/dist/main.js:2:926663)
	at n.y (/usr/share/code-insiders/resources/app/out/vs/workbench/api/node/extensionHostProcess.js:80:1902)
	at n.z (/usr/share/code-insiders/resources/app/out/vs/workbench/api/node/extensionHostProcess.js:80:1972)
	at n.fire (/usr/share/code-insiders/resources/app/out/vs/workbench/api/node/extensionHostProcess.js:80:2188)
	at Object.m [as dispose] (/usr/share/code-insiders/resources/app/extensions/git/dist/main.js:2:942455)
	at /usr/share/code-insiders/resources/app/extensions/git/dist/main.js:2:947311
	at Array.forEach (<anonymous>)
	at p.dispose (/usr/share/code-insiders/resources/app/extensions/git/dist/main.js:2:947297)
	at c.<anonymous> (/usr/share/code-insiders/resources/app/out/vs/workbench/api/node/extensionHostProcess.js:148:3650)
	at c.dispose (/usr/share/code-insiders/resources/app/out/vs/workbench/api/node/extensionHostProcess.js:148:3747)
	at c.<anonymous> (/usr/share/code-insiders/resources/app/extensions/git/dist/main.js:2:928675)
	at c.dispose (/usr/share/code-insiders/resources/app/out/vs/workbench/api/node/extensionHostProcess.js:148:3747)
	at a (/usr/share/code-insiders/resources/app/out/vs/workbench/api/node/extensionHostProcess.js:30:754)
	at m.cb (/usr/share/code-insiders/resources/app/out/vs/workbench/api/node/extensionHostProcess.js:156:9877)
	at /usr/share/code-insiders/resources/app/out/vs/workbench/api/node/extensionHostProcess.js:156:7812
	at Array.map (<anonymous>)
	at m.Y (/usr/share/code-insiders/resources/app/out/vs/workbench/api/node/extensionHostProcess.js:156:7799)
	at m.terminate (/usr/share/code-insiders/resources/app/out/vs/workbench/api/node/extensionHostProcess.js:156:8072)
	at a.terminate (/usr/share/code-insiders/resources/app/out/vs/workbench/api/node/extensionHostProcess.js:160:1513)
	at t (/usr/share/code-insiders/resources/app/out/vs/workbench/api/node/extensionHostProcess.js:173:9946)
	at MessagePortMain.<anonymous> (/usr/share/code-insiders/resources/app/out/vs/workbench/api/node/extensionHostProcess.js:173:6371)
	at MessagePortMain.emit (node:events:514:28)
	at Object.emit (node:electron/js2c/utility_init:2:2285) setContext undefined
2024-03-24 18:27:31.347 [error] Canceled: Canceled
	at new h (/usr/share/code-insiders/resources/app/out/vs/workbench/api/node/extensionHostProcess.js:140:45184)
	at d.U (/usr/share/code-insiders/resources/app/out/vs/workbench/api/node/extensionHostProcess.js:147:5556)
	at j.<computed>.F.charCodeAt.j.<computed> (/usr/share/code-insiders/resources/app/out/vs/workbench/api/node/extensionHostProcess.js:147:3007)
	at o.g (/usr/share/code-insiders/resources/app/out/vs/workbench/api/node/extensionHostProcess.js:150:174456)
	at o.executeCommand (/usr/share/code-insiders/resources/app/out/vs/workbench/api/node/extensionHostProcess.js:150:173894)
	at f.registerCommand.description (/usr/share/code-insiders/resources/app/out/vs/workbench/api/node/extensionHostProcess.js:150:173218)
	at o.h (/usr/share/code-insiders/resources/app/out/vs/workbench/api/node/extensionHostProcess.js:150:174995)
	at o.g (/usr/share/code-insiders/resources/app/out/vs/workbench/api/node/extensionHostProcess.js:150:173987)
	at o.executeCommand (/usr/share/code-insiders/resources/app/out/vs/workbench/api/node/extensionHostProcess.js:150:173894)
	at Object.executeCommand (/usr/share/code-insiders/resources/app/out/vs/workbench/api/node/extensionHostProcess.js:160:21632)
	at m.I [as value] (/usr/share/code-insiders/resources/app/extensions/git/dist/main.js:2:926663)
	at n.y (/usr/share/code-insiders/resources/app/out/vs/workbench/api/node/extensionHostProcess.js:80:1902)
	at n.z (/usr/share/code-insiders/resources/app/out/vs/workbench/api/node/extensionHostProcess.js:80:1972)
	at n.fire (/usr/share/code-insiders/resources/app/out/vs/workbench/api/node/extensionHostProcess.js:80:2188)
	at Object.m [as dispose] (/usr/share/code-insiders/resources/app/extensions/git/dist/main.js:2:942455)
	at /usr/share/code-insiders/resources/app/extensions/git/dist/main.js:2:947311
	at Array.forEach (<anonymous>)
	at p.dispose (/usr/share/code-insiders/resources/app/extensions/git/dist/main.js:2:947297)
	at c.<anonymous> (/usr/share/code-insiders/resources/app/out/vs/workbench/api/node/extensionHostProcess.js:148:3650)
	at c.dispose (/usr/share/code-insiders/resources/app/out/vs/workbench/api/node/extensionHostProcess.js:148:3747)
	at c.<anonymous> (/usr/share/code-insiders/resources/app/extensions/git/dist/main.js:2:928675)
	at c.dispose (/usr/share/code-insiders/resources/app/out/vs/workbench/api/node/extensionHostProcess.js:148:3747)
	at a (/usr/share/code-insiders/resources/app/out/vs/workbench/api/node/extensionHostProcess.js:30:754)
	at m.cb (/usr/share/code-insiders/resources/app/out/vs/workbench/api/node/extensionHostProcess.js:156:9877)
	at /usr/share/code-insiders/resources/app/out/vs/workbench/api/node/extensionHostProcess.js:156:7812
	at Array.map (<anonymous>)
	at m.Y (/usr/share/code-insiders/resources/app/out/vs/workbench/api/node/extensionHostProcess.js:156:7799)
	at m.terminate (/usr/share/code-insiders/resources/app/out/vs/workbench/api/node/extensionHostProcess.js:156:8072)
	at a.terminate (/usr/share/code-insiders/resources/app/out/vs/workbench/api/node/extensionHostProcess.js:160:1513)
	at t (/usr/share/code-insiders/resources/app/out/vs/workbench/api/node/extensionHostProcess.js:173:9946)
	at MessagePortMain.<anonymous> (/usr/share/code-insiders/resources/app/out/vs/workbench/api/node/extensionHostProcess.js:173:6371)
	at MessagePortMain.emit (node:events:514:28)
	at Object.emit (node:electron/js2c/utility_init:2:2285) setContext undefined
2024-03-24 18:27:31.347 [error] Canceled: Canceled
	at new h (/usr/share/code-insiders/resources/app/out/vs/workbench/api/node/extensionHostProcess.js:140:45184)
	at d.U (/usr/share/code-insiders/resources/app/out/vs/workbench/api/node/extensionHostProcess.js:147:5556)
	at j.<computed>.F.charCodeAt.j.<computed> (/usr/share/code-insiders/resources/app/out/vs/workbench/api/node/extensionHostProcess.js:147:3007)
	at o.g (/usr/share/code-insiders/resources/app/out/vs/workbench/api/node/extensionHostProcess.js:150:174456)
	at o.executeCommand (/usr/share/code-insiders/resources/app/out/vs/workbench/api/node/extensionHostProcess.js:150:173894)
	at f.registerCommand.description (/usr/share/code-insiders/resources/app/out/vs/workbench/api/node/extensionHostProcess.js:150:173218)
	at o.h (/usr/share/code-insiders/resources/app/out/vs/workbench/api/node/extensionHostProcess.js:150:174995)
	at o.g (/usr/share/code-insiders/resources/app/out/vs/workbench/api/node/extensionHostProcess.js:150:173987)
	at o.executeCommand (/usr/share/code-insiders/resources/app/out/vs/workbench/api/node/extensionHostProcess.js:150:173894)
	at Object.executeCommand (/usr/share/code-insiders/resources/app/out/vs/workbench/api/node/extensionHostProcess.js:160:21632)
	at set b [as b] (/usr/share/code-insiders/resources/app/extensions/github/dist/extension.js:2:322364)
	at /usr/share/code-insiders/resources/app/extensions/github/dist/extension.js:2:323005
	at m.value (/usr/share/code-insiders/resources/app/extensions/git/dist/main.js:2:1018036)
	at n.y (/usr/share/code-insiders/resources/app/out/vs/workbench/api/node/extensionHostProcess.js:80:1902)
	at n.z (/usr/share/code-insiders/resources/app/out/vs/workbench/api/node/extensionHostProcess.js:80:1972)
	at n.fire (/usr/share/code-insiders/resources/app/out/vs/workbench/api/node/extensionHostProcess.js:80:2188)
	at Object.m [as dispose] (/usr/share/code-insiders/resources/app/extensions/git/dist/main.js:2:942455)
	at /usr/share/code-insiders/resources/app/extensions/git/dist/main.js:2:947311
	at Array.forEach (<anonymous>)
	at p.dispose (/usr/share/code-insiders/resources/app/extensions/git/dist/main.js:2:947297)
	at c.<anonymous> (/usr/share/code-insiders/resources/app/out/vs/workbench/api/node/extensionHostProcess.js:148:3650)
	at c.dispose (/usr/share/code-insiders/resources/app/out/vs/workbench/api/node/extensionHostProcess.js:148:3747)
	at c.<anonymous> (/usr/share/code-insiders/resources/app/extensions/git/dist/main.js:2:928675)
	at c.dispose (/usr/share/code-insiders/resources/app/out/vs/workbench/api/node/extensionHostProcess.js:148:3747)
	at a (/usr/share/code-insiders/resources/app/out/vs/workbench/api/node/extensionHostProcess.js:30:754)
	at m.cb (/usr/share/code-insiders/resources/app/out/vs/workbench/api/node/extensionHostProcess.js:156:9877)
	at /usr/share/code-insiders/resources/app/out/vs/workbench/api/node/extensionHostProcess.js:156:7812
	at Array.map (<anonymous>)
	at m.Y (/usr/share/code-insiders/resources/app/out/vs/workbench/api/node/extensionHostProcess.js:156:7799)
	at m.terminate (/usr/share/code-insiders/resources/app/out/vs/workbench/api/node/extensionHostProcess.js:156:8072)
	at a.terminate (/usr/share/code-insiders/resources/app/out/vs/workbench/api/node/extensionHostProcess.js:160:1513)
	at t (/usr/share/code-insiders/resources/app/out/vs/workbench/api/node/extensionHostProcess.js:173:9946)
	at MessagePortMain.<anonymous> (/usr/share/code-insiders/resources/app/out/vs/workbench/api/node/extensionHostProcess.js:173:6371)
	at MessagePortMain.emit (node:events:514:28)
	at Object.emit (node:electron/js2c/utility_init:2:2285) setContext undefined
2024-03-24 18:27:31.347 [error] Error: ENOENT: no such file or directory, open '/home/heinrich/.config/Code - Insiders/User/globalStorage/vscodevim.vim/.registers'
2024-03-24 18:27:31.348 [info] Extension host with pid 2677663 exiting with code 0
