[Musify] flutter pub get --no-example
Synthetic package output (package:flutter_gen) is deprecated: https://flutter.dev/to/flutter-gen-deprecation. In a future release, synthetic-package will default to `false` and will later be removed entirely.
Resolving dependencies...
Downloading packages...
  characters 1.3.0 (1.3.1 available)
  collection 1.19.0 (1.19.1 available)
  flutter_launcher_icons 0.14.1 (0.14.2 available)
  go_router 14.6.1 (14.6.2 available)
  http_parser 4.0.2 (4.1.1 available)
  intl 0.19.0 (0.20.1 available)
  matcher 0.12.16+1 (0.12.17 available)
  material_color_utilities 0.11.1 (0.12.0 available)
  meta 1.15.0 (1.16.0 available)
  path_provider_foundation 2.4.0 (2.4.1 available)
  test_api 0.7.3 (0.7.4 available)
  url_launcher_ios 6.3.1 (6.3.2 available)
  url_launcher_macos 3.2.1 (3.2.2 available)
  vm_service 14.3.1 (15.0.0 available)
  win32 5.8.0 (5.9.0 available)
Got dependencies!
15 packages have newer versions incompatible with dependency constraints.
Try `flutter pub outdated` for more information.
exit code 0
