2024-12-05 17:41:33.316 [info] Extension host with pid 60305 started
2024-12-05 17:41:33.327 [info] ExtensionService#_doActivateExtension vscode.git-base, startup: true, activationEvent: '*', root cause: vscode.git
2024-12-05 17:41:33.331 [info] ExtensionService#_doActivateExtension vscode.git, startup: true, activationEvent: '*'
2024-12-05 17:41:33.369 [info] ExtensionService#_doActivateExtension vscode.github, startup: true, activationEvent: '*'
2024-12-05 17:41:33.420 [info] Eager extensions activated
2024-12-05 17:41:33.438 [info] ExtensionService#_doActivateExtension vscode.debug-auto-launch, startup: false, activationEvent: 'onStartupFinished'
2024-12-05 17:41:33.439 [info] ExtensionService#_doActivateExtension vscode.merge-conflict, startup: false, activationEvent: 'onStartupFinished'
2024-12-05 17:41:39.880 [info] ExtensionService#_doActivateExtension vscode.emmet, startup: false, activationEvent: 'onLanguage'
2024-12-05 17:42:03.070 [info] Extension host terminating: renderer closed the MessagePort
2024-12-05 17:42:03.104 [info] Extension host with pid 60305 exiting with code 0
2024-12-05 17:42:03.812 [info] Extension host with pid 60463 started
2024-12-05 17:42:03.812 [info] Skipping acquiring lock for /home/heinzketchup/.config/Code/User/workspaceStorage/cdf2da5ce4b46811fba200145f2dcdd5.
2024-12-05 17:42:03.842 [info] ExtensionService#_doActivateExtension vscode.git-base, startup: true, activationEvent: '*'
2024-12-05 17:42:03.857 [info] ExtensionService#_doActivateExtension vscode.github, startup: true, activationEvent: '*'
2024-12-05 17:42:03.882 [info] Eager extensions activated
2024-12-05 17:42:03.882 [info] ExtensionService#_doActivateExtension vscode.debug-auto-launch, startup: false, activationEvent: 'onStartupFinished'
2024-12-05 17:42:03.884 [info] ExtensionService#_doActivateExtension vscode.merge-conflict, startup: false, activationEvent: 'onStartupFinished'
2024-12-05 17:42:06.736 [info] ExtensionService#_doActivateExtension vscode.git, startup: false, activationEvent: 'api', root cause: vscode.github
2024-12-05 17:42:06.829 [info] ExtensionService#_doActivateExtension Dart-Code.dart-code, startup: false, activationEvent: 'workspaceContains:pubspec.yaml'
2024-12-05 17:42:06.947 [info] ExtensionService#_doActivateExtension vscode.emmet, startup: false, activationEvent: 'onLanguage'
2024-12-05 17:42:06.993 [info] ExtensionService#_doActivateExtension vscode.github-authentication, startup: false, activationEvent: 'onAuthenticationRequest:github'
2024-12-05 17:42:07.193 [info] ExtensionService#_doActivateExtension Dart-Code.flutter, startup: false, activationEvent: 'api', root cause: Dart-Code.dart-code
2024-12-05 17:42:10.136 [info] ExtensionService#_doActivateExtension vscode.configuration-editing, startup: false, activationEvent: 'onLanguage:jsonc'
2024-12-05 17:42:10.147 [info] ExtensionService#_doActivateExtension vscode.json-language-features, startup: false, activationEvent: 'onLanguage:jsonc'
2024-12-05 17:42:10.193 [info] ExtensionService#_doActivateExtension vscode.typescript-language-features, startup: false, activationEvent: 'onLanguage:jsonc'
2024-12-05 17:44:59.221 [info] ExtensionService#_doActivateExtension vscode.media-preview, startup: false, activationEvent: 'onCustomEditor:imagePreview.previewEditor'
2024-12-05 17:45:00.314 [info] ExtensionService#_doActivateExtension vscode.extension-editing, startup: false, activationEvent: 'onLanguage:json'
2024-12-05 17:45:00.348 [info] ExtensionService#_doActivateExtension vscode.npm, startup: false, activationEvent: 'onLanguage:json'
2024-12-05 18:14:55.541 [info] ExtensionService#_doActivateExtension vscode.references-view, startup: false, activationEvent: 'onCommand:references-view.findReferences'
2024-12-05 18:15:23.646 [warning] Illegal argument: TextEditor(vs.editor.ICodeEditor:1,$model43)
2024-12-05 18:15:23.648 [warning] Illegal argument: TextEditor(vs.editor.ICodeEditor:1,$model43)
